2024-02-01 09:02:877 INFO  ManageBrowser :31 - launching chrome browser
2024-02-01 09:02:750 INFO  ManageBrowser :48 - navigate to given url
2024-02-01 09:02:337 INFO  ManageBrowser :31 - launching chrome browser
2024-02-01 09:02:351 INFO  ManageBrowser :48 - navigate to given url
2024-02-01 09:02:260 INFO  ManageBrowser :31 - launching chrome browser
2024-02-01 09:02:680 INFO  ManageBrowser :48 - navigate to given url
2024-02-01 09:02:906 INFO  ManageBrowser :31 - launching chrome browser
2024-02-01 09:02:190 INFO  ManageBrowser :48 - navigate to given url
2024-02-01 18:02:349 INFO  ManageBrowser :31 - launching chrome browser
2024-02-01 18:02:48 INFO  ManageBrowser :48 - navigate to given url
2024-02-01 18:02:603 INFO  HomePage :25 - verifying HomePage URL : https://www.virgingames.com/
2024-02-01 18:02:677 INFO  HomePage :31 - Get text from : [[ChromeDriver: chrome on windows (4e51e4e7a0c357f59c832681e5c350d0)] -> xpath: //h1[normalize-space()='Welcome to Virgin Games']]
2024-02-01 18:02:598 INFO  ManageBrowser :31 - launching chrome browser
2024-02-01 18:02:785 INFO  ManageBrowser :48 - navigate to given url
2024-02-01 18:02:982 INFO  HomePage :25 - verifying HomePage URL : https://www.virgingames.com/
2024-02-01 18:02:81 INFO  HomePage :31 - Get text from : [[ChromeDriver: chrome on windows (c2b570ff93898cbe78df00b2cc9da9ba)] -> xpath: //h1[normalize-space()='Welcome to Virgin Games']]
2024-02-01 18:02:651 INFO  ManageBrowser :31 - launching chrome browser
2024-02-01 18:02:587 INFO  ManageBrowser :48 - navigate to given url
2024-02-01 18:02:514 INFO  ManageBrowser :31 - launching chrome browser
2024-02-01 18:02:956 INFO  ManageBrowser :48 - navigate to given url
2024-02-01 18:02:577 INFO  ManageBrowser :31 - launching chrome browser
2024-02-01 18:02:957 INFO  ManageBrowser :48 - navigate to given url
2024-02-01 18:02:792 INFO  ManageBrowser :31 - launching chrome browser
2024-02-01 18:02:846 INFO  ManageBrowser :48 - navigate to given url
2024-02-01 18:02:76 INFO  HomePage :31 - click on : [[ChromeDriver: chrome on windows (ad100295a9463f76a0cc8389fe0b78e3)] -> xpath: //label[normalize-space()='Allow all cookies']]
2024-02-01 18:02:77 INFO  HomePage :35 - Click on Allow all cookies : [[ChromeDriver: chrome on windows (ad100295a9463f76a0cc8389fe0b78e3)] -> xpath: //label[normalize-space()='Allow all cookies']]
2024-02-01 18:02:120 INFO  HomePage :40 - verifying HomePage URL : https://www.virgingames.com/
2024-02-01 18:02:188 INFO  HomePage :46 - Get text from : [[ChromeDriver: chrome on windows (ad100295a9463f76a0cc8389fe0b78e3)] -> xpath: //h1[normalize-space()='Welcome to Virgin Games']]
2024-02-01 18:02:772 INFO  ManageBrowser :31 - launching chrome browser
2024-02-01 18:02:954 INFO  ManageBrowser :48 - navigate to given url
2024-02-01 18:02:230 INFO  HomePage :31 - click on : [[ChromeDriver: chrome on windows (253f91614d8deb6a5f7d06713643ec5a)] -> xpath: //label[normalize-space()='Allow all cookies']]
2024-02-01 18:02:231 INFO  HomePage :35 - Click on Allow all cookies : [[ChromeDriver: chrome on windows (253f91614d8deb6a5f7d06713643ec5a)] -> xpath: //label[normalize-space()='Allow all cookies']]
2024-02-01 18:02:272 INFO  HomePage :40 - verifying HomePage URL : https://www.virgingames.com/
2024-02-01 18:02:314 INFO  HomePage :46 - Get text from : [[ChromeDriver: chrome on windows (253f91614d8deb6a5f7d06713643ec5a)] -> xpath: //h1[normalize-space()='Welcome to Virgin Games']]
2024-02-01 20:02:813 INFO  ManageBrowser :31 - launching chrome browser
2024-02-01 20:02:870 INFO  ManageBrowser :48 - navigate to given url
2024-02-01 20:02:81 INFO  HomePage :38 - click on : [[ChromeDriver: chrome on windows (f94dddd62b7b56f944e8603fd0ce6cb3)] -> xpath: //label[normalize-space()='Allow all cookies']]
2024-02-01 20:02:82 INFO  HomePage :42 - Click on Allow all cookies : [[ChromeDriver: chrome on windows (f94dddd62b7b56f944e8603fd0ce6cb3)] -> xpath: //label[normalize-space()='Allow all cookies']]
2024-02-01 20:02:165 INFO  ManageBrowser :31 - launching chrome browser
2024-02-01 20:02:907 INFO  ManageBrowser :48 - navigate to given url
2024-02-01 20:02:131 INFO  HomePage :38 - click on : [[ChromeDriver: chrome on windows (9a08d0ccfd4d6282f05992c4c44d1b04)] -> xpath: //label[normalize-space()='Allow all cookies']]
2024-02-01 20:02:132 INFO  HomePage :42 - Click on Allow all cookies : [[ChromeDriver: chrome on windows (9a08d0ccfd4d6282f05992c4c44d1b04)] -> xpath: //label[normalize-space()='Allow all cookies']]
2024-02-01 20:02:781 INFO  ManageBrowser :31 - launching chrome browser
2024-02-01 20:02:413 INFO  ManageBrowser :48 - navigate to given url
2024-02-01 20:02:577 INFO  HomePage :38 - click on : [[ChromeDriver: chrome on windows (e90e909d25d82918b8616d4bc06a99d2)] -> xpath: //label[normalize-space()='Allow all cookies']]
2024-02-01 20:02:578 INFO  HomePage :42 - Click on Allow all cookies : [[ChromeDriver: chrome on windows (e90e909d25d82918b8616d4bc06a99d2)] -> xpath: //label[normalize-space()='Allow all cookies']]
2024-02-01 20:02:143 INFO  ManageBrowser :31 - launching chrome browser
2024-02-01 20:02:899 INFO  ManageBrowser :48 - navigate to given url
2024-02-01 20:02:33 INFO  HomePage :38 - click on : [[ChromeDriver: chrome on windows (7d44e17450c9f779d647255c42241ec9)] -> xpath: //label[normalize-space()='Allow all cookies']]
2024-02-01 20:02:34 INFO  HomePage :42 - Click on Allow all cookies : [[ChromeDriver: chrome on windows (7d44e17450c9f779d647255c42241ec9)] -> xpath: //label[normalize-space()='Allow all cookies']]
2024-02-01 20:02:368 INFO  HomePage :61 - Clicking on theLive Casino : [[[ChromeDriver: chrome on windows (7d44e17450c9f779d647255c42241ec9)] -> xpath: //ul[@class='StyledNavigationMenuList-sc-v46bks-1 ctndtu nav-bar']//li], [[ChromeDriver: chrome on windows (7d44e17450c9f779d647255c42241ec9)] -> xpath: //ul[@class='StyledNavigationMenuList-sc-v46bks-1 ctndtu nav-bar']//li], [[ChromeDriver: chrome on windows (7d44e17450c9f779d647255c42241ec9)] -> xpath: //ul[@class='StyledNavigationMenuList-sc-v46bks-1 ctndtu nav-bar']//li], [[ChromeDriver: chrome on windows (7d44e17450c9f779d647255c42241ec9)] -> xpath: //ul[@class='StyledNavigationMenuList-sc-v46bks-1 ctndtu nav-bar']//li], [[ChromeDriver: chrome on windows (7d44e17450c9f779d647255c42241ec9)] -> xpath: //ul[@class='StyledNavigationMenuList-sc-v46bks-1 ctndtu nav-bar']//li], [[ChromeDriver: chrome on windows (7d44e17450c9f779d647255c42241ec9)] -> xpath: //ul[@class='StyledNavigationMenuList-sc-v46bks-1 ctndtu nav-bar']//li], [[ChromeDriver: chrome on windows (7d44e17450c9f779d647255c42241ec9)] -> xpath: //ul[@class='StyledNavigationMenuList-sc-v46bks-1 ctndtu nav-bar']//li], [[ChromeDriver: chrome on windows (7d44e17450c9f779d647255c42241ec9)] -> xpath: //ul[@class='StyledNavigationMenuList-sc-v46bks-1 ctndtu nav-bar']//li], [[ChromeDriver: chrome on windows (7d44e17450c9f779d647255c42241ec9)] -> xpath: //ul[@class='StyledNavigationMenuList-sc-v46bks-1 ctndtu nav-bar']//li]]
2024-02-01 20:02:615 INFO  ManageBrowser :31 - launching chrome browser
2024-02-01 20:02:239 INFO  ManageBrowser :48 - navigate to given url
2024-02-01 20:02:344 INFO  HomePage :38 - click on : [[ChromeDriver: chrome on windows (cbd65d73e0a98e983dc8c9bb12397fb3)] -> xpath: //label[normalize-space()='Allow all cookies']]
2024-02-01 20:02:345 INFO  HomePage :42 - Click on Allow all cookies : [[ChromeDriver: chrome on windows (cbd65d73e0a98e983dc8c9bb12397fb3)] -> xpath: //label[normalize-space()='Allow all cookies']]
2024-02-01 20:02:837 INFO  ManageBrowser :31 - launching chrome browser
2024-02-01 20:02:380 INFO  ManageBrowser :48 - navigate to given url
2024-02-01 20:02:496 INFO  HomePage :38 - click on : [[ChromeDriver: chrome on windows (db21d57720239e015e59feedb228087d)] -> xpath: //label[normalize-space()='Allow all cookies']]
2024-02-01 20:02:498 INFO  HomePage :42 - Click on Allow all cookies : [[ChromeDriver: chrome on windows (db21d57720239e015e59feedb228087d)] -> xpath: //label[normalize-space()='Allow all cookies']]
2024-02-01 20:02:808 INFO  HomePage :61 - Clicking on theSlingo : [[[ChromeDriver: chrome on windows (db21d57720239e015e59feedb228087d)] -> xpath: //ul[@class='StyledNavigationMenuList-sc-v46bks-1 ctndtu nav-bar']//li], [[ChromeDriver: chrome on windows (db21d57720239e015e59feedb228087d)] -> xpath: //ul[@class='StyledNavigationMenuList-sc-v46bks-1 ctndtu nav-bar']//li], [[ChromeDriver: chrome on windows (db21d57720239e015e59feedb228087d)] -> xpath: //ul[@class='StyledNavigationMenuList-sc-v46bks-1 ctndtu nav-bar']//li], [[ChromeDriver: chrome on windows (db21d57720239e015e59feedb228087d)] -> xpath: //ul[@class='StyledNavigationMenuList-sc-v46bks-1 ctndtu nav-bar']//li], [[ChromeDriver: chrome on windows (db21d57720239e015e59feedb228087d)] -> xpath: //ul[@class='StyledNavigationMenuList-sc-v46bks-1 ctndtu nav-bar']//li], [[ChromeDriver: chrome on windows (db21d57720239e015e59feedb228087d)] -> xpath: //ul[@class='StyledNavigationMenuList-sc-v46bks-1 ctndtu nav-bar']//li], [[ChromeDriver: chrome on windows (db21d57720239e015e59feedb228087d)] -> xpath: //ul[@class='StyledNavigationMenuList-sc-v46bks-1 ctndtu nav-bar']//li], [[ChromeDriver: chrome on windows (db21d57720239e015e59feedb228087d)] -> xpath: //ul[@class='StyledNavigationMenuList-sc-v46bks-1 ctndtu nav-bar']//li], [[ChromeDriver: chrome on windows (db21d57720239e015e59feedb228087d)] -> xpath: //ul[@class='StyledNavigationMenuList-sc-v46bks-1 ctndtu nav-bar']//li]]
2024-02-01 20:02:16 INFO  ManageBrowser :31 - launching chrome browser
2024-02-01 20:02:763 INFO  ManageBrowser :48 - navigate to given url
2024-02-01 20:02:870 INFO  HomePage :38 - click on : [[ChromeDriver: chrome on windows (8c8841f5d898843697f58906f597c85f)] -> xpath: //label[normalize-space()='Allow all cookies']]
2024-02-01 20:02:871 INFO  HomePage :42 - Click on Allow all cookies : [[ChromeDriver: chrome on windows (8c8841f5d898843697f58906f597c85f)] -> xpath: //label[normalize-space()='Allow all cookies']]
2024-02-01 20:02:206 INFO  HomePage :61 - Clicking on theOnline Bingo : [[[ChromeDriver: chrome on windows (8c8841f5d898843697f58906f597c85f)] -> xpath: //ul[@class='StyledNavigationMenuList-sc-v46bks-1 ctndtu nav-bar']//li], [[ChromeDriver: chrome on windows (8c8841f5d898843697f58906f597c85f)] -> xpath: //ul[@class='StyledNavigationMenuList-sc-v46bks-1 ctndtu nav-bar']//li], [[ChromeDriver: chrome on windows (8c8841f5d898843697f58906f597c85f)] -> xpath: //ul[@class='StyledNavigationMenuList-sc-v46bks-1 ctndtu nav-bar']//li], [[ChromeDriver: chrome on windows (8c8841f5d898843697f58906f597c85f)] -> xpath: //ul[@class='StyledNavigationMenuList-sc-v46bks-1 ctndtu nav-bar']//li], [[ChromeDriver: chrome on windows (8c8841f5d898843697f58906f597c85f)] -> xpath: //ul[@class='StyledNavigationMenuList-sc-v46bks-1 ctndtu nav-bar']//li], [[ChromeDriver: chrome on windows (8c8841f5d898843697f58906f597c85f)] -> xpath: //ul[@class='StyledNavigationMenuList-sc-v46bks-1 ctndtu nav-bar']//li], [[ChromeDriver: chrome on windows (8c8841f5d898843697f58906f597c85f)] -> xpath: //ul[@class='StyledNavigationMenuList-sc-v46bks-1 ctndtu nav-bar']//li], [[ChromeDriver: chrome on windows (8c8841f5d898843697f58906f597c85f)] -> xpath: //ul[@class='StyledNavigationMenuList-sc-v46bks-1 ctndtu nav-bar']//li], [[ChromeDriver: chrome on windows (8c8841f5d898843697f58906f597c85f)] -> xpath: //ul[@class='StyledNavigationMenuList-sc-v46bks-1 ctndtu nav-bar']//li]]
2024-02-01 20:02:400 INFO  ManageBrowser :31 - launching chrome browser
2024-02-01 20:02:924 INFO  ManageBrowser :48 - navigate to given url
2024-02-01 20:02:37 INFO  HomePage :38 - click on : [[ChromeDriver: chrome on windows (82335647cb2ea89879bcebdd828cd55b)] -> xpath: //label[normalize-space()='Allow all cookies']]
2024-02-01 20:02:37 INFO  HomePage :42 - Click on Allow all cookies : [[ChromeDriver: chrome on windows (82335647cb2ea89879bcebdd828cd55b)] -> xpath: //label[normalize-space()='Allow all cookies']]
2024-02-01 20:02:419 INFO  HomePage :61 - Clicking on theFree Games : [[[ChromeDriver: chrome on windows (82335647cb2ea89879bcebdd828cd55b)] -> xpath: //ul[@class='StyledNavigationMenuList-sc-v46bks-1 ctndtu nav-bar']//li], [[ChromeDriver: chrome on windows (82335647cb2ea89879bcebdd828cd55b)] -> xpath: //ul[@class='StyledNavigationMenuList-sc-v46bks-1 ctndtu nav-bar']//li], [[ChromeDriver: chrome on windows (82335647cb2ea89879bcebdd828cd55b)] -> xpath: //ul[@class='StyledNavigationMenuList-sc-v46bks-1 ctndtu nav-bar']//li], [[ChromeDriver: chrome on windows (82335647cb2ea89879bcebdd828cd55b)] -> xpath: //ul[@class='StyledNavigationMenuList-sc-v46bks-1 ctndtu nav-bar']//li], [[ChromeDriver: chrome on windows (82335647cb2ea89879bcebdd828cd55b)] -> xpath: //ul[@class='StyledNavigationMenuList-sc-v46bks-1 ctndtu nav-bar']//li], [[ChromeDriver: chrome on windows (82335647cb2ea89879bcebdd828cd55b)] -> xpath: //ul[@class='StyledNavigationMenuList-sc-v46bks-1 ctndtu nav-bar']//li], [[ChromeDriver: chrome on windows (82335647cb2ea89879bcebdd828cd55b)] -> xpath: //ul[@class='StyledNavigationMenuList-sc-v46bks-1 ctndtu nav-bar']//li], [[ChromeDriver: chrome on windows (82335647cb2ea89879bcebdd828cd55b)] -> xpath: //ul[@class='StyledNavigationMenuList-sc-v46bks-1 ctndtu nav-bar']//li], [[ChromeDriver: chrome on windows (82335647cb2ea89879bcebdd828cd55b)] -> xpath: //ul[@class='StyledNavigationMenuList-sc-v46bks-1 ctndtu nav-bar']//li]]
2024-02-01 20:02:620 INFO  ManageBrowser :31 - launching chrome browser
2024-02-01 20:02:262 INFO  ManageBrowser :48 - navigate to given url
2024-02-01 20:02:367 INFO  HomePage :38 - click on : [[ChromeDriver: chrome on windows (894f9522d4b401bd499a41c71d0fc479)] -> xpath: //label[normalize-space()='Allow all cookies']]
2024-02-01 20:02:367 INFO  HomePage :42 - Click on Allow all cookies : [[ChromeDriver: chrome on windows (894f9522d4b401bd499a41c71d0fc479)] -> xpath: //label[normalize-space()='Allow all cookies']]
2024-02-01 20:02:689 INFO  HomePage :61 - Clicking on thePoker : [[[ChromeDriver: chrome on windows (894f9522d4b401bd499a41c71d0fc479)] -> xpath: //ul[@class='StyledNavigationMenuList-sc-v46bks-1 ctndtu nav-bar']//li], [[ChromeDriver: chrome on windows (894f9522d4b401bd499a41c71d0fc479)] -> xpath: //ul[@class='StyledNavigationMenuList-sc-v46bks-1 ctndtu nav-bar']//li], [[ChromeDriver: chrome on windows (894f9522d4b401bd499a41c71d0fc479)] -> xpath: //ul[@class='StyledNavigationMenuList-sc-v46bks-1 ctndtu nav-bar']//li], [[ChromeDriver: chrome on windows (894f9522d4b401bd499a41c71d0fc479)] -> xpath: //ul[@class='StyledNavigationMenuList-sc-v46bks-1 ctndtu nav-bar']//li], [[ChromeDriver: chrome on windows (894f9522d4b401bd499a41c71d0fc479)] -> xpath: //ul[@class='StyledNavigationMenuList-sc-v46bks-1 ctndtu nav-bar']//li], [[ChromeDriver: chrome on windows (894f9522d4b401bd499a41c71d0fc479)] -> xpath: //ul[@class='StyledNavigationMenuList-sc-v46bks-1 ctndtu nav-bar']//li], [[ChromeDriver: chrome on windows (894f9522d4b401bd499a41c71d0fc479)] -> xpath: //ul[@class='StyledNavigationMenuList-sc-v46bks-1 ctndtu nav-bar']//li], [[ChromeDriver: chrome on windows (894f9522d4b401bd499a41c71d0fc479)] -> xpath: //ul[@class='StyledNavigationMenuList-sc-v46bks-1 ctndtu nav-bar']//li], [[ChromeDriver: chrome on windows (894f9522d4b401bd499a41c71d0fc479)] -> xpath: //ul[@class='StyledNavigationMenuList-sc-v46bks-1 ctndtu nav-bar']//li]]
2024-02-01 20:02:892 INFO  ManageBrowser :31 - launching chrome browser
2024-02-01 20:02:726 INFO  ManageBrowser :48 - navigate to given url
2024-02-01 20:02:843 INFO  HomePage :38 - click on : [[ChromeDriver: chrome on windows (520ae5226d3b140002b615143ec0cda5)] -> xpath: //label[normalize-space()='Allow all cookies']]
2024-02-01 20:02:843 INFO  HomePage :42 - Click on Allow all cookies : [[ChromeDriver: chrome on windows (520ae5226d3b140002b615143ec0cda5)] -> xpath: //label[normalize-space()='Allow all cookies']]
2024-02-01 20:02:242 INFO  HomePage :61 - Clicking on theAll Games : [[[ChromeDriver: chrome on windows (520ae5226d3b140002b615143ec0cda5)] -> xpath: //ul[@class='StyledNavigationMenuList-sc-v46bks-1 ctndtu nav-bar']//li], [[ChromeDriver: chrome on windows (520ae5226d3b140002b615143ec0cda5)] -> xpath: //ul[@class='StyledNavigationMenuList-sc-v46bks-1 ctndtu nav-bar']//li], [[ChromeDriver: chrome on windows (520ae5226d3b140002b615143ec0cda5)] -> xpath: //ul[@class='StyledNavigationMenuList-sc-v46bks-1 ctndtu nav-bar']//li], [[ChromeDriver: chrome on windows (520ae5226d3b140002b615143ec0cda5)] -> xpath: //ul[@class='StyledNavigationMenuList-sc-v46bks-1 ctndtu nav-bar']//li], [[ChromeDriver: chrome on windows (520ae5226d3b140002b615143ec0cda5)] -> xpath: //ul[@class='StyledNavigationMenuList-sc-v46bks-1 ctndtu nav-bar']//li], [[ChromeDriver: chrome on windows (520ae5226d3b140002b615143ec0cda5)] -> xpath: //ul[@class='StyledNavigationMenuList-sc-v46bks-1 ctndtu nav-bar']//li], [[ChromeDriver: chrome on windows (520ae5226d3b140002b615143ec0cda5)] -> xpath: //ul[@class='StyledNavigationMenuList-sc-v46bks-1 ctndtu nav-bar']//li], [[ChromeDriver: chrome on windows (520ae5226d3b140002b615143ec0cda5)] -> xpath: //ul[@class='StyledNavigationMenuList-sc-v46bks-1 ctndtu nav-bar']//li], [[ChromeDriver: chrome on windows (520ae5226d3b140002b615143ec0cda5)] -> xpath: //ul[@class='StyledNavigationMenuList-sc-v46bks-1 ctndtu nav-bar']//li]]
2024-02-01 20:02:459 INFO  ManageBrowser :31 - launching chrome browser
2024-02-01 20:02:156 INFO  ManageBrowser :48 - navigate to given url
2024-02-01 20:02:274 INFO  HomePage :38 - click on : [[ChromeDriver: chrome on windows (1a87ffac3e99dd729b3846e13ad1e012)] -> xpath: //label[normalize-space()='Allow all cookies']]
2024-02-01 20:02:275 INFO  HomePage :42 - Click on Allow all cookies : [[ChromeDriver: chrome on windows (1a87ffac3e99dd729b3846e13ad1e012)] -> xpath: //label[normalize-space()='Allow all cookies']]
2024-02-01 20:02:700 INFO  HomePage :61 - Clicking on theBlog : [[[ChromeDriver: chrome on windows (1a87ffac3e99dd729b3846e13ad1e012)] -> xpath: //ul[@class='StyledNavigationMenuList-sc-v46bks-1 ctndtu nav-bar']//li], [[ChromeDriver: chrome on windows (1a87ffac3e99dd729b3846e13ad1e012)] -> xpath: //ul[@class='StyledNavigationMenuList-sc-v46bks-1 ctndtu nav-bar']//li], [[ChromeDriver: chrome on windows (1a87ffac3e99dd729b3846e13ad1e012)] -> xpath: //ul[@class='StyledNavigationMenuList-sc-v46bks-1 ctndtu nav-bar']//li], [[ChromeDriver: chrome on windows (1a87ffac3e99dd729b3846e13ad1e012)] -> xpath: //ul[@class='StyledNavigationMenuList-sc-v46bks-1 ctndtu nav-bar']//li], [[ChromeDriver: chrome on windows (1a87ffac3e99dd729b3846e13ad1e012)] -> xpath: //ul[@class='StyledNavigationMenuList-sc-v46bks-1 ctndtu nav-bar']//li], [[ChromeDriver: chrome on windows (1a87ffac3e99dd729b3846e13ad1e012)] -> xpath: //ul[@class='StyledNavigationMenuList-sc-v46bks-1 ctndtu nav-bar']//li], [[ChromeDriver: chrome on windows (1a87ffac3e99dd729b3846e13ad1e012)] -> xpath: //ul[@class='StyledNavigationMenuList-sc-v46bks-1 ctndtu nav-bar']//li], [[ChromeDriver: chrome on windows (1a87ffac3e99dd729b3846e13ad1e012)] -> xpath: //ul[@class='StyledNavigationMenuList-sc-v46bks-1 ctndtu nav-bar']//li], [[ChromeDriver: chrome on windows (1a87ffac3e99dd729b3846e13ad1e012)] -> xpath: //ul[@class='StyledNavigationMenuList-sc-v46bks-1 ctndtu nav-bar']//li]]
2024-02-01 20:02:848 INFO  ManageBrowser :31 - launching chrome browser
2024-02-01 20:02:928 INFO  ManageBrowser :48 - navigate to given url
2024-02-01 20:02:135 INFO  HomePage :38 - click on : [[ChromeDriver: chrome on windows (64e1aacbb72607d50ed65a8eebf542de)] -> xpath: //label[normalize-space()='Allow all cookies']]
2024-02-01 20:02:136 INFO  HomePage :42 - Click on Allow all cookies : [[ChromeDriver: chrome on windows (64e1aacbb72607d50ed65a8eebf542de)] -> xpath: //label[normalize-space()='Allow all cookies']]
2024-02-01 20:02:877 INFO  ManageBrowser :31 - launching chrome browser
2024-02-01 20:02:545 INFO  ManageBrowser :48 - navigate to given url
2024-02-01 20:02:666 INFO  HomePage :38 - click on : [[ChromeDriver: chrome on windows (328251ddf355a39554e5ed984b16b553)] -> xpath: //label[normalize-space()='Allow all cookies']]
2024-02-01 20:02:667 INFO  HomePage :42 - Click on Allow all cookies : [[ChromeDriver: chrome on windows (328251ddf355a39554e5ed984b16b553)] -> xpath: //label[normalize-space()='Allow all cookies']]
2024-02-01 20:02:939 INFO  HomePage :61 - Clicking on theLive Casino : [[[ChromeDriver: chrome on windows (328251ddf355a39554e5ed984b16b553)] -> xpath: //ul[@class='StyledNavigationMenuList-sc-v46bks-1 ctndtu nav-bar']//li], [[ChromeDriver: chrome on windows (328251ddf355a39554e5ed984b16b553)] -> xpath: //ul[@class='StyledNavigationMenuList-sc-v46bks-1 ctndtu nav-bar']//li], [[ChromeDriver: chrome on windows (328251ddf355a39554e5ed984b16b553)] -> xpath: //ul[@class='StyledNavigationMenuList-sc-v46bks-1 ctndtu nav-bar']//li], [[ChromeDriver: chrome on windows (328251ddf355a39554e5ed984b16b553)] -> xpath: //ul[@class='StyledNavigationMenuList-sc-v46bks-1 ctndtu nav-bar']//li], [[ChromeDriver: chrome on windows (328251ddf355a39554e5ed984b16b553)] -> xpath: //ul[@class='StyledNavigationMenuList-sc-v46bks-1 ctndtu nav-bar']//li], [[ChromeDriver: chrome on windows (328251ddf355a39554e5ed984b16b553)] -> xpath: //ul[@class='StyledNavigationMenuList-sc-v46bks-1 ctndtu nav-bar']//li], [[ChromeDriver: chrome on windows (328251ddf355a39554e5ed984b16b553)] -> xpath: //ul[@class='StyledNavigationMenuList-sc-v46bks-1 ctndtu nav-bar']//li], [[ChromeDriver: chrome on windows (328251ddf355a39554e5ed984b16b553)] -> xpath: //ul[@class='StyledNavigationMenuList-sc-v46bks-1 ctndtu nav-bar']//li], [[ChromeDriver: chrome on windows (328251ddf355a39554e5ed984b16b553)] -> xpath: //ul[@class='StyledNavigationMenuList-sc-v46bks-1 ctndtu nav-bar']//li]]
2024-02-01 20:02:119 INFO  ManageBrowser :31 - launching chrome browser
2024-02-01 20:02:602 INFO  ManageBrowser :48 - navigate to given url
2024-02-01 20:02:713 INFO  HomePage :38 - click on : [[ChromeDriver: chrome on windows (6e465a9794b0db347d1a7fd3a5603c64)] -> xpath: //label[normalize-space()='Allow all cookies']]
2024-02-01 20:02:715 INFO  HomePage :42 - Click on Allow all cookies : [[ChromeDriver: chrome on windows (6e465a9794b0db347d1a7fd3a5603c64)] -> xpath: //label[normalize-space()='Allow all cookies']]
2024-02-01 20:02:176 INFO  ManageBrowser :31 - launching chrome browser
2024-02-01 20:02:855 INFO  ManageBrowser :48 - navigate to given url
2024-02-01 20:02:950 INFO  HomePage :38 - click on : [[ChromeDriver: chrome on windows (3f038610a1231e3908c709a4ea8ccfee)] -> xpath: //label[normalize-space()='Allow all cookies']]
2024-02-01 20:02:953 INFO  HomePage :42 - Click on Allow all cookies : [[ChromeDriver: chrome on windows (3f038610a1231e3908c709a4ea8ccfee)] -> xpath: //label[normalize-space()='Allow all cookies']]
2024-02-01 20:02:231 INFO  HomePage :61 - Clicking on theSlingo : [[[ChromeDriver: chrome on windows (3f038610a1231e3908c709a4ea8ccfee)] -> xpath: //ul[@class='StyledNavigationMenuList-sc-v46bks-1 ctndtu nav-bar']//li], [[ChromeDriver: chrome on windows (3f038610a1231e3908c709a4ea8ccfee)] -> xpath: //ul[@class='StyledNavigationMenuList-sc-v46bks-1 ctndtu nav-bar']//li], [[ChromeDriver: chrome on windows (3f038610a1231e3908c709a4ea8ccfee)] -> xpath: //ul[@class='StyledNavigationMenuList-sc-v46bks-1 ctndtu nav-bar']//li], [[ChromeDriver: chrome on windows (3f038610a1231e3908c709a4ea8ccfee)] -> xpath: //ul[@class='StyledNavigationMenuList-sc-v46bks-1 ctndtu nav-bar']//li], [[ChromeDriver: chrome on windows (3f038610a1231e3908c709a4ea8ccfee)] -> xpath: //ul[@class='StyledNavigationMenuList-sc-v46bks-1 ctndtu nav-bar']//li], [[ChromeDriver: chrome on windows (3f038610a1231e3908c709a4ea8ccfee)] -> xpath: //ul[@class='StyledNavigationMenuList-sc-v46bks-1 ctndtu nav-bar']//li], [[ChromeDriver: chrome on windows (3f038610a1231e3908c709a4ea8ccfee)] -> xpath: //ul[@class='StyledNavigationMenuList-sc-v46bks-1 ctndtu nav-bar']//li], [[ChromeDriver: chrome on windows (3f038610a1231e3908c709a4ea8ccfee)] -> xpath: //ul[@class='StyledNavigationMenuList-sc-v46bks-1 ctndtu nav-bar']//li], [[ChromeDriver: chrome on windows (3f038610a1231e3908c709a4ea8ccfee)] -> xpath: //ul[@class='StyledNavigationMenuList-sc-v46bks-1 ctndtu nav-bar']//li]]
2024-02-01 20:02:412 INFO  ManageBrowser :31 - launching chrome browser
2024-02-01 20:02:71 INFO  ManageBrowser :48 - navigate to given url
2024-02-01 20:02:185 INFO  HomePage :38 - click on : [[ChromeDriver: chrome on windows (8d48c9031ee3a265b3a74b65f797d8d7)] -> xpath: //label[normalize-space()='Allow all cookies']]
2024-02-01 20:02:186 INFO  HomePage :42 - Click on Allow all cookies : [[ChromeDriver: chrome on windows (8d48c9031ee3a265b3a74b65f797d8d7)] -> xpath: //label[normalize-space()='Allow all cookies']]
2024-02-01 20:02:525 INFO  HomePage :61 - Clicking on theOnline Bingo : [[[ChromeDriver: chrome on windows (8d48c9031ee3a265b3a74b65f797d8d7)] -> xpath: //ul[@class='StyledNavigationMenuList-sc-v46bks-1 ctndtu nav-bar']//li], [[ChromeDriver: chrome on windows (8d48c9031ee3a265b3a74b65f797d8d7)] -> xpath: //ul[@class='StyledNavigationMenuList-sc-v46bks-1 ctndtu nav-bar']//li], [[ChromeDriver: chrome on windows (8d48c9031ee3a265b3a74b65f797d8d7)] -> xpath: //ul[@class='StyledNavigationMenuList-sc-v46bks-1 ctndtu nav-bar']//li], [[ChromeDriver: chrome on windows (8d48c9031ee3a265b3a74b65f797d8d7)] -> xpath: //ul[@class='StyledNavigationMenuList-sc-v46bks-1 ctndtu nav-bar']//li], [[ChromeDriver: chrome on windows (8d48c9031ee3a265b3a74b65f797d8d7)] -> xpath: //ul[@class='StyledNavigationMenuList-sc-v46bks-1 ctndtu nav-bar']//li], [[ChromeDriver: chrome on windows (8d48c9031ee3a265b3a74b65f797d8d7)] -> xpath: //ul[@class='StyledNavigationMenuList-sc-v46bks-1 ctndtu nav-bar']//li], [[ChromeDriver: chrome on windows (8d48c9031ee3a265b3a74b65f797d8d7)] -> xpath: //ul[@class='StyledNavigationMenuList-sc-v46bks-1 ctndtu nav-bar']//li], [[ChromeDriver: chrome on windows (8d48c9031ee3a265b3a74b65f797d8d7)] -> xpath: //ul[@class='StyledNavigationMenuList-sc-v46bks-1 ctndtu nav-bar']//li], [[ChromeDriver: chrome on windows (8d48c9031ee3a265b3a74b65f797d8d7)] -> xpath: //ul[@class='StyledNavigationMenuList-sc-v46bks-1 ctndtu nav-bar']//li]]
2024-02-01 20:02:750 INFO  ManageBrowser :31 - launching chrome browser
2024-02-01 20:02:500 INFO  ManageBrowser :48 - navigate to given url
2024-02-01 20:02:604 INFO  HomePage :38 - click on : [[ChromeDriver: chrome on windows (d1d0f42cbdaf17dac650e42dddb01b58)] -> xpath: //label[normalize-space()='Allow all cookies']]
2024-02-01 20:02:605 INFO  HomePage :42 - Click on Allow all cookies : [[ChromeDriver: chrome on windows (d1d0f42cbdaf17dac650e42dddb01b58)] -> xpath: //label[normalize-space()='Allow all cookies']]
2024-02-01 20:02:01 INFO  HomePage :61 - Clicking on theFree Games : [[[ChromeDriver: chrome on windows (d1d0f42cbdaf17dac650e42dddb01b58)] -> xpath: //ul[@class='StyledNavigationMenuList-sc-v46bks-1 ctndtu nav-bar']//li], [[ChromeDriver: chrome on windows (d1d0f42cbdaf17dac650e42dddb01b58)] -> xpath: //ul[@class='StyledNavigationMenuList-sc-v46bks-1 ctndtu nav-bar']//li], [[ChromeDriver: chrome on windows (d1d0f42cbdaf17dac650e42dddb01b58)] -> xpath: //ul[@class='StyledNavigationMenuList-sc-v46bks-1 ctndtu nav-bar']//li], [[ChromeDriver: chrome on windows (d1d0f42cbdaf17dac650e42dddb01b58)] -> xpath: //ul[@class='StyledNavigationMenuList-sc-v46bks-1 ctndtu nav-bar']//li], [[ChromeDriver: chrome on windows (d1d0f42cbdaf17dac650e42dddb01b58)] -> xpath: //ul[@class='StyledNavigationMenuList-sc-v46bks-1 ctndtu nav-bar']//li], [[ChromeDriver: chrome on windows (d1d0f42cbdaf17dac650e42dddb01b58)] -> xpath: //ul[@class='StyledNavigationMenuList-sc-v46bks-1 ctndtu nav-bar']//li], [[ChromeDriver: chrome on windows (d1d0f42cbdaf17dac650e42dddb01b58)] -> xpath: //ul[@class='StyledNavigationMenuList-sc-v46bks-1 ctndtu nav-bar']//li], [[ChromeDriver: chrome on windows (d1d0f42cbdaf17dac650e42dddb01b58)] -> xpath: //ul[@class='StyledNavigationMenuList-sc-v46bks-1 ctndtu nav-bar']//li], [[ChromeDriver: chrome on windows (d1d0f42cbdaf17dac650e42dddb01b58)] -> xpath: //ul[@class='StyledNavigationMenuList-sc-v46bks-1 ctndtu nav-bar']//li]]
2024-02-01 20:02:197 INFO  ManageBrowser :31 - launching chrome browser
2024-02-01 20:02:197 INFO  ManageBrowser :48 - navigate to given url
2024-02-01 20:02:353 INFO  HomePage :38 - click on : [[ChromeDriver: chrome on windows (b653295d600892766c0c1a91630a6d51)] -> xpath: //label[normalize-space()='Allow all cookies']]
2024-02-01 20:02:354 INFO  HomePage :42 - Click on Allow all cookies : [[ChromeDriver: chrome on windows (b653295d600892766c0c1a91630a6d51)] -> xpath: //label[normalize-space()='Allow all cookies']]
2024-02-01 20:02:908 INFO  HomePage :61 - Clicking on thePoker : [[[ChromeDriver: chrome on windows (b653295d600892766c0c1a91630a6d51)] -> xpath: //ul[@class='StyledNavigationMenuList-sc-v46bks-1 ctndtu nav-bar']//li], [[ChromeDriver: chrome on windows (b653295d600892766c0c1a91630a6d51)] -> xpath: //ul[@class='StyledNavigationMenuList-sc-v46bks-1 ctndtu nav-bar']//li], [[ChromeDriver: chrome on windows (b653295d600892766c0c1a91630a6d51)] -> xpath: //ul[@class='StyledNavigationMenuList-sc-v46bks-1 ctndtu nav-bar']//li], [[ChromeDriver: chrome on windows (b653295d600892766c0c1a91630a6d51)] -> xpath: //ul[@class='StyledNavigationMenuList-sc-v46bks-1 ctndtu nav-bar']//li], [[ChromeDriver: chrome on windows (b653295d600892766c0c1a91630a6d51)] -> xpath: //ul[@class='StyledNavigationMenuList-sc-v46bks-1 ctndtu nav-bar']//li], [[ChromeDriver: chrome on windows (b653295d600892766c0c1a91630a6d51)] -> xpath: //ul[@class='StyledNavigationMenuList-sc-v46bks-1 ctndtu nav-bar']//li], [[ChromeDriver: chrome on windows (b653295d600892766c0c1a91630a6d51)] -> xpath: //ul[@class='StyledNavigationMenuList-sc-v46bks-1 ctndtu nav-bar']//li], [[ChromeDriver: chrome on windows (b653295d600892766c0c1a91630a6d51)] -> xpath: //ul[@class='StyledNavigationMenuList-sc-v46bks-1 ctndtu nav-bar']//li], [[ChromeDriver: chrome on windows (b653295d600892766c0c1a91630a6d51)] -> xpath: //ul[@class='StyledNavigationMenuList-sc-v46bks-1 ctndtu nav-bar']//li]]
2024-02-01 20:02:163 INFO  ManageBrowser :31 - launching chrome browser
2024-02-01 20:02:229 INFO  ManageBrowser :48 - navigate to given url
2024-02-01 20:02:363 INFO  HomePage :38 - click on : [[ChromeDriver: chrome on windows (f288dd8d81464cf64452f2172dabf28c)] -> xpath: //label[normalize-space()='Allow all cookies']]
2024-02-01 20:02:363 INFO  HomePage :42 - Click on Allow all cookies : [[ChromeDriver: chrome on windows (f288dd8d81464cf64452f2172dabf28c)] -> xpath: //label[normalize-space()='Allow all cookies']]
2024-02-01 20:02:863 INFO  HomePage :61 - Clicking on theAll Games : [[[ChromeDriver: chrome on windows (f288dd8d81464cf64452f2172dabf28c)] -> xpath: //ul[@class='StyledNavigationMenuList-sc-v46bks-1 ctndtu nav-bar']//li], [[ChromeDriver: chrome on windows (f288dd8d81464cf64452f2172dabf28c)] -> xpath: //ul[@class='StyledNavigationMenuList-sc-v46bks-1 ctndtu nav-bar']//li], [[ChromeDriver: chrome on windows (f288dd8d81464cf64452f2172dabf28c)] -> xpath: //ul[@class='StyledNavigationMenuList-sc-v46bks-1 ctndtu nav-bar']//li], [[ChromeDriver: chrome on windows (f288dd8d81464cf64452f2172dabf28c)] -> xpath: //ul[@class='StyledNavigationMenuList-sc-v46bks-1 ctndtu nav-bar']//li], [[ChromeDriver: chrome on windows (f288dd8d81464cf64452f2172dabf28c)] -> xpath: //ul[@class='StyledNavigationMenuList-sc-v46bks-1 ctndtu nav-bar']//li], [[ChromeDriver: chrome on windows (f288dd8d81464cf64452f2172dabf28c)] -> xpath: //ul[@class='StyledNavigationMenuList-sc-v46bks-1 ctndtu nav-bar']//li], [[ChromeDriver: chrome on windows (f288dd8d81464cf64452f2172dabf28c)] -> xpath: //ul[@class='StyledNavigationMenuList-sc-v46bks-1 ctndtu nav-bar']//li], [[ChromeDriver: chrome on windows (f288dd8d81464cf64452f2172dabf28c)] -> xpath: //ul[@class='StyledNavigationMenuList-sc-v46bks-1 ctndtu nav-bar']//li], [[ChromeDriver: chrome on windows (f288dd8d81464cf64452f2172dabf28c)] -> xpath: //ul[@class='StyledNavigationMenuList-sc-v46bks-1 ctndtu nav-bar']//li]]
2024-02-01 20:02:127 INFO  ManageBrowser :31 - launching chrome browser
2024-02-01 20:02:00 INFO  ManageBrowser :48 - navigate to given url
2024-02-01 20:02:149 INFO  HomePage :38 - click on : [[ChromeDriver: chrome on windows (735b34ed5b8cdebacc6b11a4859b38dc)] -> xpath: //label[normalize-space()='Allow all cookies']]
2024-02-01 20:02:150 INFO  HomePage :42 - Click on Allow all cookies : [[ChromeDriver: chrome on windows (735b34ed5b8cdebacc6b11a4859b38dc)] -> xpath: //label[normalize-space()='Allow all cookies']]
2024-02-01 20:02:584 INFO  HomePage :61 - Clicking on theBlog : [[[ChromeDriver: chrome on windows (735b34ed5b8cdebacc6b11a4859b38dc)] -> xpath: //ul[@class='StyledNavigationMenuList-sc-v46bks-1 ctndtu nav-bar']//li], [[ChromeDriver: chrome on windows (735b34ed5b8cdebacc6b11a4859b38dc)] -> xpath: //ul[@class='StyledNavigationMenuList-sc-v46bks-1 ctndtu nav-bar']//li], [[ChromeDriver: chrome on windows (735b34ed5b8cdebacc6b11a4859b38dc)] -> xpath: //ul[@class='StyledNavigationMenuList-sc-v46bks-1 ctndtu nav-bar']//li], [[ChromeDriver: chrome on windows (735b34ed5b8cdebacc6b11a4859b38dc)] -> xpath: //ul[@class='StyledNavigationMenuList-sc-v46bks-1 ctndtu nav-bar']//li], [[ChromeDriver: chrome on windows (735b34ed5b8cdebacc6b11a4859b38dc)] -> xpath: //ul[@class='StyledNavigationMenuList-sc-v46bks-1 ctndtu nav-bar']//li], [[ChromeDriver: chrome on windows (735b34ed5b8cdebacc6b11a4859b38dc)] -> xpath: //ul[@class='StyledNavigationMenuList-sc-v46bks-1 ctndtu nav-bar']//li], [[ChromeDriver: chrome on windows (735b34ed5b8cdebacc6b11a4859b38dc)] -> xpath: //ul[@class='StyledNavigationMenuList-sc-v46bks-1 ctndtu nav-bar']//li], [[ChromeDriver: chrome on windows (735b34ed5b8cdebacc6b11a4859b38dc)] -> xpath: //ul[@class='StyledNavigationMenuList-sc-v46bks-1 ctndtu nav-bar']//li], [[ChromeDriver: chrome on windows (735b34ed5b8cdebacc6b11a4859b38dc)] -> xpath: //ul[@class='StyledNavigationMenuList-sc-v46bks-1 ctndtu nav-bar']//li]]
2024-02-01 22:02:145 INFO  ManageBrowser :31 - launching chrome browser
2024-02-01 22:02:653 INFO  ManageBrowser :48 - navigate to given url
2024-02-01 22:02:879 INFO  HomePage :56 - click on : [[ChromeDriver: chrome on windows (2fb7d6e29b039840855652c3fe41c7c1)] -> xpath: //label[normalize-space()='Allow all cookies']]
2024-02-01 22:02:880 INFO  HomePage :60 - Click on Allow all cookies : [[ChromeDriver: chrome on windows (2fb7d6e29b039840855652c3fe41c7c1)] -> xpath: //label[normalize-space()='Allow all cookies']]
2024-02-01 22:02:833 INFO  ManageBrowser :31 - launching chrome browser
2024-02-01 22:02:219 INFO  ManageBrowser :48 - navigate to given url
2024-02-01 22:02:456 INFO  HomePage :56 - click on : [[ChromeDriver: chrome on windows (81ad7d1d1370126da820d5f58bc79f3b)] -> xpath: //label[normalize-space()='Allow all cookies']]
2024-02-01 22:02:457 INFO  HomePage :60 - Click on Allow all cookies : [[ChromeDriver: chrome on windows (81ad7d1d1370126da820d5f58bc79f3b)] -> xpath: //label[normalize-space()='Allow all cookies']]
2024-02-01 23:02:966 INFO  ManageBrowser :31 - launching chrome browser
2024-02-01 23:02:420 INFO  ManageBrowser :48 - navigate to given url
2024-02-01 23:02:617 INFO  HomePage :56 - click on : [[ChromeDriver: chrome on windows (890e98daa9c22173631012343b6c865b)] -> xpath: //label[normalize-space()='Allow all cookies']]
2024-02-01 23:02:618 INFO  HomePage :60 - Click on Allow all cookies : [[ChromeDriver: chrome on windows (890e98daa9c22173631012343b6c865b)] -> xpath: //label[normalize-space()='Allow all cookies']]
2024-02-01 23:02:403 INFO  ManageBrowser :31 - launching chrome browser
2024-02-01 23:02:495 INFO  ManageBrowser :48 - navigate to given url
2024-02-01 23:02:708 INFO  HomePage :56 - click on : [[ChromeDriver: chrome on windows (c732b05be76c5b69f0f5beaf65a3523d)] -> xpath: //label[normalize-space()='Allow all cookies']]
2024-02-01 23:02:708 INFO  HomePage :60 - Click on Allow all cookies : [[ChromeDriver: chrome on windows (c732b05be76c5b69f0f5beaf65a3523d)] -> xpath: //label[normalize-space()='Allow all cookies']]
2024-02-01 23:02:725 INFO  HomePage :65 - verifying HomePage URL : https://www.virgingames.com/
2024-02-01 23:02:765 INFO  HomePage :71 - Get text from : [[ChromeDriver: chrome on windows (c732b05be76c5b69f0f5beaf65a3523d)] -> xpath: //h1[normalize-space()='Welcome to Virgin Games']]
2024-02-01 23:02:76 INFO  ManageBrowser :31 - launching chrome browser
2024-02-01 23:02:997 INFO  ManageBrowser :48 - navigate to given url
2024-02-01 23:02:106 INFO  HomePage :56 - click on : [[ChromeDriver: chrome on windows (45d5de19458b23d69b370635624478cb)] -> xpath: //label[normalize-space()='Allow all cookies']]
2024-02-01 23:02:107 INFO  HomePage :60 - Click on Allow all cookies : [[ChromeDriver: chrome on windows (45d5de19458b23d69b370635624478cb)] -> xpath: //label[normalize-space()='Allow all cookies']]
2024-02-01 23:02:499 INFO  HomePage :86 - Verifying top menu Webpage : [[ChromeDriver: chrome on windows (45d5de19458b23d69b370635624478cb)] -> xpath: //h1[normalize-space()='Welcome to Virgin Games']]
2024-02-01 23:02:720 INFO  ManageBrowser :31 - launching chrome browser
2024-02-01 23:02:337 INFO  ManageBrowser :48 - navigate to given url
2024-02-01 23:02:457 INFO  HomePage :56 - click on : [[ChromeDriver: chrome on windows (a1df100d92d6a81337a30397abc4a88c)] -> xpath: //label[normalize-space()='Allow all cookies']]
2024-02-01 23:02:457 INFO  HomePage :60 - Click on Allow all cookies : [[ChromeDriver: chrome on windows (a1df100d92d6a81337a30397abc4a88c)] -> xpath: //label[normalize-space()='Allow all cookies']]
2024-02-01 23:02:800 INFO  HomePage :79 - Clicking on theLive Casino : [[[ChromeDriver: chrome on windows (a1df100d92d6a81337a30397abc4a88c)] -> xpath: //ul[@class='StyledNavigationMenuList-sc-v46bks-1 ctndtu nav-bar']//li], [[ChromeDriver: chrome on windows (a1df100d92d6a81337a30397abc4a88c)] -> xpath: //ul[@class='StyledNavigationMenuList-sc-v46bks-1 ctndtu nav-bar']//li], [[ChromeDriver: chrome on windows (a1df100d92d6a81337a30397abc4a88c)] -> xpath: //ul[@class='StyledNavigationMenuList-sc-v46bks-1 ctndtu nav-bar']//li], [[ChromeDriver: chrome on windows (a1df100d92d6a81337a30397abc4a88c)] -> xpath: //ul[@class='StyledNavigationMenuList-sc-v46bks-1 ctndtu nav-bar']//li], [[ChromeDriver: chrome on windows (a1df100d92d6a81337a30397abc4a88c)] -> xpath: //ul[@class='StyledNavigationMenuList-sc-v46bks-1 ctndtu nav-bar']//li], [[ChromeDriver: chrome on windows (a1df100d92d6a81337a30397abc4a88c)] -> xpath: //ul[@class='StyledNavigationMenuList-sc-v46bks-1 ctndtu nav-bar']//li], [[ChromeDriver: chrome on windows (a1df100d92d6a81337a30397abc4a88c)] -> xpath: //ul[@class='StyledNavigationMenuList-sc-v46bks-1 ctndtu nav-bar']//li], [[ChromeDriver: chrome on windows (a1df100d92d6a81337a30397abc4a88c)] -> xpath: //ul[@class='StyledNavigationMenuList-sc-v46bks-1 ctndtu nav-bar']//li], [[ChromeDriver: chrome on windows (a1df100d92d6a81337a30397abc4a88c)] -> xpath: //ul[@class='StyledNavigationMenuList-sc-v46bks-1 ctndtu nav-bar']//li]]
2024-02-01 23:02:830 INFO  HomePage :86 - Verifying top menu Webpage : Proxy element for: DefaultElementLocator 'By.xpath: //h1[normalize-space()='Welcome to Virgin Games']'
2024-02-01 23:02:226 INFO  ManageBrowser :31 - launching chrome browser
2024-02-01 23:02:574 INFO  ManageBrowser :48 - navigate to given url
2024-02-01 23:02:695 INFO  HomePage :56 - click on : [[ChromeDriver: chrome on windows (def46c0a7af7907a074346428ad2f850)] -> xpath: //label[normalize-space()='Allow all cookies']]
2024-02-01 23:02:696 INFO  HomePage :60 - Click on Allow all cookies : [[ChromeDriver: chrome on windows (def46c0a7af7907a074346428ad2f850)] -> xpath: //label[normalize-space()='Allow all cookies']]
2024-02-01 23:02:966 INFO  HomePage :86 - Verifying top menu Webpage : [[ChromeDriver: chrome on windows (def46c0a7af7907a074346428ad2f850)] -> xpath: //h1[normalize-space()='Welcome to Virgin Games']]
2024-02-01 23:02:164 INFO  ManageBrowser :31 - launching chrome browser
2024-02-01 23:02:554 INFO  ManageBrowser :48 - navigate to given url
2024-02-01 23:02:658 INFO  HomePage :56 - click on : [[ChromeDriver: chrome on windows (7caad6267686e9c3db65a6a001f7b2a6)] -> xpath: //label[normalize-space()='Allow all cookies']]
2024-02-01 23:02:659 INFO  HomePage :60 - Click on Allow all cookies : [[ChromeDriver: chrome on windows (7caad6267686e9c3db65a6a001f7b2a6)] -> xpath: //label[normalize-space()='Allow all cookies']]
2024-02-01 23:02:963 INFO  HomePage :79 - Clicking on theSlingo : [[[ChromeDriver: chrome on windows (7caad6267686e9c3db65a6a001f7b2a6)] -> xpath: //ul[@class='StyledNavigationMenuList-sc-v46bks-1 ctndtu nav-bar']//li], [[ChromeDriver: chrome on windows (7caad6267686e9c3db65a6a001f7b2a6)] -> xpath: //ul[@class='StyledNavigationMenuList-sc-v46bks-1 ctndtu nav-bar']//li], [[ChromeDriver: chrome on windows (7caad6267686e9c3db65a6a001f7b2a6)] -> xpath: //ul[@class='StyledNavigationMenuList-sc-v46bks-1 ctndtu nav-bar']//li], [[ChromeDriver: chrome on windows (7caad6267686e9c3db65a6a001f7b2a6)] -> xpath: //ul[@class='StyledNavigationMenuList-sc-v46bks-1 ctndtu nav-bar']//li], [[ChromeDriver: chrome on windows (7caad6267686e9c3db65a6a001f7b2a6)] -> xpath: //ul[@class='StyledNavigationMenuList-sc-v46bks-1 ctndtu nav-bar']//li], [[ChromeDriver: chrome on windows (7caad6267686e9c3db65a6a001f7b2a6)] -> xpath: //ul[@class='StyledNavigationMenuList-sc-v46bks-1 ctndtu nav-bar']//li], [[ChromeDriver: chrome on windows (7caad6267686e9c3db65a6a001f7b2a6)] -> xpath: //ul[@class='StyledNavigationMenuList-sc-v46bks-1 ctndtu nav-bar']//li], [[ChromeDriver: chrome on windows (7caad6267686e9c3db65a6a001f7b2a6)] -> xpath: //ul[@class='StyledNavigationMenuList-sc-v46bks-1 ctndtu nav-bar']//li], [[ChromeDriver: chrome on windows (7caad6267686e9c3db65a6a001f7b2a6)] -> xpath: //ul[@class='StyledNavigationMenuList-sc-v46bks-1 ctndtu nav-bar']//li]]
2024-02-01 23:02:01 INFO  HomePage :86 - Verifying top menu Webpage : Proxy element for: DefaultElementLocator 'By.xpath: //h1[normalize-space()='Welcome to Virgin Games']'
2024-02-01 23:02:223 INFO  ManageBrowser :31 - launching chrome browser
2024-02-01 23:02:598 INFO  ManageBrowser :48 - navigate to given url
2024-02-01 23:02:705 INFO  HomePage :56 - click on : [[ChromeDriver: chrome on windows (ade160d11e313521afeffc1a588ed1f3)] -> xpath: //label[normalize-space()='Allow all cookies']]
2024-02-01 23:02:705 INFO  HomePage :60 - Click on Allow all cookies : [[ChromeDriver: chrome on windows (ade160d11e313521afeffc1a588ed1f3)] -> xpath: //label[normalize-space()='Allow all cookies']]
2024-02-01 23:02:00 INFO  HomePage :79 - Clicking on theOnline Bingo : [[[ChromeDriver: chrome on windows (ade160d11e313521afeffc1a588ed1f3)] -> xpath: //ul[@class='StyledNavigationMenuList-sc-v46bks-1 ctndtu nav-bar']//li], [[ChromeDriver: chrome on windows (ade160d11e313521afeffc1a588ed1f3)] -> xpath: //ul[@class='StyledNavigationMenuList-sc-v46bks-1 ctndtu nav-bar']//li], [[ChromeDriver: chrome on windows (ade160d11e313521afeffc1a588ed1f3)] -> xpath: //ul[@class='StyledNavigationMenuList-sc-v46bks-1 ctndtu nav-bar']//li], [[ChromeDriver: chrome on windows (ade160d11e313521afeffc1a588ed1f3)] -> xpath: //ul[@class='StyledNavigationMenuList-sc-v46bks-1 ctndtu nav-bar']//li], [[ChromeDriver: chrome on windows (ade160d11e313521afeffc1a588ed1f3)] -> xpath: //ul[@class='StyledNavigationMenuList-sc-v46bks-1 ctndtu nav-bar']//li], [[ChromeDriver: chrome on windows (ade160d11e313521afeffc1a588ed1f3)] -> xpath: //ul[@class='StyledNavigationMenuList-sc-v46bks-1 ctndtu nav-bar']//li], [[ChromeDriver: chrome on windows (ade160d11e313521afeffc1a588ed1f3)] -> xpath: //ul[@class='StyledNavigationMenuList-sc-v46bks-1 ctndtu nav-bar']//li], [[ChromeDriver: chrome on windows (ade160d11e313521afeffc1a588ed1f3)] -> xpath: //ul[@class='StyledNavigationMenuList-sc-v46bks-1 ctndtu nav-bar']//li], [[ChromeDriver: chrome on windows (ade160d11e313521afeffc1a588ed1f3)] -> xpath: //ul[@class='StyledNavigationMenuList-sc-v46bks-1 ctndtu nav-bar']//li]]
2024-02-01 23:02:70 INFO  HomePage :86 - Verifying top menu Webpage : Proxy element for: DefaultElementLocator 'By.xpath: //h1[normalize-space()='Welcome to Virgin Games']'
2024-02-01 23:02:364 INFO  ManageBrowser :31 - launching chrome browser
2024-02-01 23:02:791 INFO  ManageBrowser :48 - navigate to given url
2024-02-01 23:02:906 INFO  HomePage :56 - click on : [[ChromeDriver: chrome on windows (1fe28c189aa2fe65c249e8db797cb0d5)] -> xpath: //label[normalize-space()='Allow all cookies']]
2024-02-01 23:02:907 INFO  HomePage :60 - Click on Allow all cookies : [[ChromeDriver: chrome on windows (1fe28c189aa2fe65c249e8db797cb0d5)] -> xpath: //label[normalize-space()='Allow all cookies']]
2024-02-01 23:02:217 INFO  HomePage :79 - Clicking on theFree Games : [[[ChromeDriver: chrome on windows (1fe28c189aa2fe65c249e8db797cb0d5)] -> xpath: //ul[@class='StyledNavigationMenuList-sc-v46bks-1 ctndtu nav-bar']//li], [[ChromeDriver: chrome on windows (1fe28c189aa2fe65c249e8db797cb0d5)] -> xpath: //ul[@class='StyledNavigationMenuList-sc-v46bks-1 ctndtu nav-bar']//li], [[ChromeDriver: chrome on windows (1fe28c189aa2fe65c249e8db797cb0d5)] -> xpath: //ul[@class='StyledNavigationMenuList-sc-v46bks-1 ctndtu nav-bar']//li], [[ChromeDriver: chrome on windows (1fe28c189aa2fe65c249e8db797cb0d5)] -> xpath: //ul[@class='StyledNavigationMenuList-sc-v46bks-1 ctndtu nav-bar']//li], [[ChromeDriver: chrome on windows (1fe28c189aa2fe65c249e8db797cb0d5)] -> xpath: //ul[@class='StyledNavigationMenuList-sc-v46bks-1 ctndtu nav-bar']//li], [[ChromeDriver: chrome on windows (1fe28c189aa2fe65c249e8db797cb0d5)] -> xpath: //ul[@class='StyledNavigationMenuList-sc-v46bks-1 ctndtu nav-bar']//li], [[ChromeDriver: chrome on windows (1fe28c189aa2fe65c249e8db797cb0d5)] -> xpath: //ul[@class='StyledNavigationMenuList-sc-v46bks-1 ctndtu nav-bar']//li], [[ChromeDriver: chrome on windows (1fe28c189aa2fe65c249e8db797cb0d5)] -> xpath: //ul[@class='StyledNavigationMenuList-sc-v46bks-1 ctndtu nav-bar']//li], [[ChromeDriver: chrome on windows (1fe28c189aa2fe65c249e8db797cb0d5)] -> xpath: //ul[@class='StyledNavigationMenuList-sc-v46bks-1 ctndtu nav-bar']//li]]
2024-02-01 23:02:309 INFO  HomePage :86 - Verifying top menu Webpage : Proxy element for: DefaultElementLocator 'By.xpath: //h1[normalize-space()='Welcome to Virgin Games']'
2024-02-01 23:02:632 INFO  ManageBrowser :31 - launching chrome browser
2024-02-01 23:02:36 INFO  ManageBrowser :48 - navigate to given url
2024-02-01 23:02:145 INFO  HomePage :56 - click on : [[ChromeDriver: chrome on windows (f4aaf49e8888d65a4fc7309618a76d8a)] -> xpath: //label[normalize-space()='Allow all cookies']]
2024-02-01 23:02:146 INFO  HomePage :60 - Click on Allow all cookies : [[ChromeDriver: chrome on windows (f4aaf49e8888d65a4fc7309618a76d8a)] -> xpath: //label[normalize-space()='Allow all cookies']]
2024-02-01 23:02:486 INFO  HomePage :79 - Clicking on thePoker : [[[ChromeDriver: chrome on windows (f4aaf49e8888d65a4fc7309618a76d8a)] -> xpath: //ul[@class='StyledNavigationMenuList-sc-v46bks-1 ctndtu nav-bar']//li], [[ChromeDriver: chrome on windows (f4aaf49e8888d65a4fc7309618a76d8a)] -> xpath: //ul[@class='StyledNavigationMenuList-sc-v46bks-1 ctndtu nav-bar']//li], [[ChromeDriver: chrome on windows (f4aaf49e8888d65a4fc7309618a76d8a)] -> xpath: //ul[@class='StyledNavigationMenuList-sc-v46bks-1 ctndtu nav-bar']//li], [[ChromeDriver: chrome on windows (f4aaf49e8888d65a4fc7309618a76d8a)] -> xpath: //ul[@class='StyledNavigationMenuList-sc-v46bks-1 ctndtu nav-bar']//li], [[ChromeDriver: chrome on windows (f4aaf49e8888d65a4fc7309618a76d8a)] -> xpath: //ul[@class='StyledNavigationMenuList-sc-v46bks-1 ctndtu nav-bar']//li], [[ChromeDriver: chrome on windows (f4aaf49e8888d65a4fc7309618a76d8a)] -> xpath: //ul[@class='StyledNavigationMenuList-sc-v46bks-1 ctndtu nav-bar']//li], [[ChromeDriver: chrome on windows (f4aaf49e8888d65a4fc7309618a76d8a)] -> xpath: //ul[@class='StyledNavigationMenuList-sc-v46bks-1 ctndtu nav-bar']//li], [[ChromeDriver: chrome on windows (f4aaf49e8888d65a4fc7309618a76d8a)] -> xpath: //ul[@class='StyledNavigationMenuList-sc-v46bks-1 ctndtu nav-bar']//li], [[ChromeDriver: chrome on windows (f4aaf49e8888d65a4fc7309618a76d8a)] -> xpath: //ul[@class='StyledNavigationMenuList-sc-v46bks-1 ctndtu nav-bar']//li]]
2024-02-01 23:02:558 INFO  HomePage :86 - Verifying top menu Webpage : Proxy element for: DefaultElementLocator 'By.xpath: //h1[normalize-space()='Welcome to Virgin Games']'
2024-02-01 23:02:886 INFO  ManageBrowser :31 - launching chrome browser
2024-02-01 23:02:239 INFO  ManageBrowser :48 - navigate to given url
2024-02-01 23:02:347 INFO  HomePage :56 - click on : [[ChromeDriver: chrome on windows (b445af3b75291c0dcdf8697d327a8ba8)] -> xpath: //label[normalize-space()='Allow all cookies']]
2024-02-01 23:02:347 INFO  HomePage :60 - Click on Allow all cookies : [[ChromeDriver: chrome on windows (b445af3b75291c0dcdf8697d327a8ba8)] -> xpath: //label[normalize-space()='Allow all cookies']]
2024-02-01 23:02:694 INFO  HomePage :79 - Clicking on theAll Games : [[[ChromeDriver: chrome on windows (b445af3b75291c0dcdf8697d327a8ba8)] -> xpath: //ul[@class='StyledNavigationMenuList-sc-v46bks-1 ctndtu nav-bar']//li], [[ChromeDriver: chrome on windows (b445af3b75291c0dcdf8697d327a8ba8)] -> xpath: //ul[@class='StyledNavigationMenuList-sc-v46bks-1 ctndtu nav-bar']//li], [[ChromeDriver: chrome on windows (b445af3b75291c0dcdf8697d327a8ba8)] -> xpath: //ul[@class='StyledNavigationMenuList-sc-v46bks-1 ctndtu nav-bar']//li], [[ChromeDriver: chrome on windows (b445af3b75291c0dcdf8697d327a8ba8)] -> xpath: //ul[@class='StyledNavigationMenuList-sc-v46bks-1 ctndtu nav-bar']//li], [[ChromeDriver: chrome on windows (b445af3b75291c0dcdf8697d327a8ba8)] -> xpath: //ul[@class='StyledNavigationMenuList-sc-v46bks-1 ctndtu nav-bar']//li], [[ChromeDriver: chrome on windows (b445af3b75291c0dcdf8697d327a8ba8)] -> xpath: //ul[@class='StyledNavigationMenuList-sc-v46bks-1 ctndtu nav-bar']//li], [[ChromeDriver: chrome on windows (b445af3b75291c0dcdf8697d327a8ba8)] -> xpath: //ul[@class='StyledNavigationMenuList-sc-v46bks-1 ctndtu nav-bar']//li], [[ChromeDriver: chrome on windows (b445af3b75291c0dcdf8697d327a8ba8)] -> xpath: //ul[@class='StyledNavigationMenuList-sc-v46bks-1 ctndtu nav-bar']//li], [[ChromeDriver: chrome on windows (b445af3b75291c0dcdf8697d327a8ba8)] -> xpath: //ul[@class='StyledNavigationMenuList-sc-v46bks-1 ctndtu nav-bar']//li]]
2024-02-01 23:02:721 INFO  HomePage :86 - Verifying top menu Webpage : Proxy element for: DefaultElementLocator 'By.xpath: //h1[normalize-space()='Welcome to Virgin Games']'
2024-02-01 23:02:38 INFO  ManageBrowser :31 - launching chrome browser
2024-02-01 23:02:414 INFO  ManageBrowser :48 - navigate to given url
2024-02-01 23:02:520 INFO  HomePage :56 - click on : [[ChromeDriver: chrome on windows (fd2c4829da06515eab4c08bef8497a61)] -> xpath: //label[normalize-space()='Allow all cookies']]
2024-02-01 23:02:521 INFO  HomePage :60 - Click on Allow all cookies : [[ChromeDriver: chrome on windows (fd2c4829da06515eab4c08bef8497a61)] -> xpath: //label[normalize-space()='Allow all cookies']]
2024-02-01 23:02:913 INFO  HomePage :79 - Clicking on theBlog : [[[ChromeDriver: chrome on windows (fd2c4829da06515eab4c08bef8497a61)] -> xpath: //ul[@class='StyledNavigationMenuList-sc-v46bks-1 ctndtu nav-bar']//li], [[ChromeDriver: chrome on windows (fd2c4829da06515eab4c08bef8497a61)] -> xpath: //ul[@class='StyledNavigationMenuList-sc-v46bks-1 ctndtu nav-bar']//li], [[ChromeDriver: chrome on windows (fd2c4829da06515eab4c08bef8497a61)] -> xpath: //ul[@class='StyledNavigationMenuList-sc-v46bks-1 ctndtu nav-bar']//li], [[ChromeDriver: chrome on windows (fd2c4829da06515eab4c08bef8497a61)] -> xpath: //ul[@class='StyledNavigationMenuList-sc-v46bks-1 ctndtu nav-bar']//li], [[ChromeDriver: chrome on windows (fd2c4829da06515eab4c08bef8497a61)] -> xpath: //ul[@class='StyledNavigationMenuList-sc-v46bks-1 ctndtu nav-bar']//li], [[ChromeDriver: chrome on windows (fd2c4829da06515eab4c08bef8497a61)] -> xpath: //ul[@class='StyledNavigationMenuList-sc-v46bks-1 ctndtu nav-bar']//li], [[ChromeDriver: chrome on windows (fd2c4829da06515eab4c08bef8497a61)] -> xpath: //ul[@class='StyledNavigationMenuList-sc-v46bks-1 ctndtu nav-bar']//li], [[ChromeDriver: chrome on windows (fd2c4829da06515eab4c08bef8497a61)] -> xpath: //ul[@class='StyledNavigationMenuList-sc-v46bks-1 ctndtu nav-bar']//li], [[ChromeDriver: chrome on windows (fd2c4829da06515eab4c08bef8497a61)] -> xpath: //ul[@class='StyledNavigationMenuList-sc-v46bks-1 ctndtu nav-bar']//li]]
2024-02-01 23:02:962 INFO  HomePage :86 - Verifying top menu Webpage : Proxy element for: DefaultElementLocator 'By.xpath: //h1[normalize-space()='Welcome to Virgin Games']'
2024-02-01 23:02:75 INFO  ManageBrowser :31 - launching chrome browser
2024-02-01 23:02:928 INFO  ManageBrowser :48 - navigate to given url
2024-02-01 23:02:78 INFO  HomePage :56 - click on : [[ChromeDriver: chrome on windows (f99b6779bf5e97ef01f62ac07fe39414)] -> xpath: //label[normalize-space()='Allow all cookies']]
2024-02-01 23:02:80 INFO  HomePage :60 - Click on Allow all cookies : [[ChromeDriver: chrome on windows (f99b6779bf5e97ef01f62ac07fe39414)] -> xpath: //label[normalize-space()='Allow all cookies']]
2024-02-01 23:02:400 INFO  HomePage :86 - Verifying top menu Webpage : [[ChromeDriver: chrome on windows (f99b6779bf5e97ef01f62ac07fe39414)] -> xpath: //h1[normalize-space()='Welcome to Virgin Games']]
2024-02-01 23:02:611 INFO  ManageBrowser :31 - launching chrome browser
2024-02-01 23:02:528 INFO  ManageBrowser :48 - navigate to given url
2024-02-01 23:02:663 INFO  HomePage :56 - click on : [[ChromeDriver: chrome on windows (1bb7597075653e0fcdcb64f926e85465)] -> xpath: //label[normalize-space()='Allow all cookies']]
2024-02-01 23:02:664 INFO  HomePage :60 - Click on Allow all cookies : [[ChromeDriver: chrome on windows (1bb7597075653e0fcdcb64f926e85465)] -> xpath: //label[normalize-space()='Allow all cookies']]
2024-02-01 23:02:995 INFO  HomePage :79 - Clicking on theLive Casino : [[[ChromeDriver: chrome on windows (1bb7597075653e0fcdcb64f926e85465)] -> xpath: //ul[@class='StyledNavigationMenuList-sc-v46bks-1 ctndtu nav-bar']//li], [[ChromeDriver: chrome on windows (1bb7597075653e0fcdcb64f926e85465)] -> xpath: //ul[@class='StyledNavigationMenuList-sc-v46bks-1 ctndtu nav-bar']//li], [[ChromeDriver: chrome on windows (1bb7597075653e0fcdcb64f926e85465)] -> xpath: //ul[@class='StyledNavigationMenuList-sc-v46bks-1 ctndtu nav-bar']//li], [[ChromeDriver: chrome on windows (1bb7597075653e0fcdcb64f926e85465)] -> xpath: //ul[@class='StyledNavigationMenuList-sc-v46bks-1 ctndtu nav-bar']//li], [[ChromeDriver: chrome on windows (1bb7597075653e0fcdcb64f926e85465)] -> xpath: //ul[@class='StyledNavigationMenuList-sc-v46bks-1 ctndtu nav-bar']//li], [[ChromeDriver: chrome on windows (1bb7597075653e0fcdcb64f926e85465)] -> xpath: //ul[@class='StyledNavigationMenuList-sc-v46bks-1 ctndtu nav-bar']//li], [[ChromeDriver: chrome on windows (1bb7597075653e0fcdcb64f926e85465)] -> xpath: //ul[@class='StyledNavigationMenuList-sc-v46bks-1 ctndtu nav-bar']//li], [[ChromeDriver: chrome on windows (1bb7597075653e0fcdcb64f926e85465)] -> xpath: //ul[@class='StyledNavigationMenuList-sc-v46bks-1 ctndtu nav-bar']//li], [[ChromeDriver: chrome on windows (1bb7597075653e0fcdcb64f926e85465)] -> xpath: //ul[@class='StyledNavigationMenuList-sc-v46bks-1 ctndtu nav-bar']//li]]
2024-02-01 23:02:49 INFO  HomePage :86 - Verifying top menu Webpage : Proxy element for: DefaultElementLocator 'By.xpath: //h1[normalize-space()='Welcome to Virgin Games']'
2024-02-01 23:02:267 INFO  ManageBrowser :31 - launching chrome browser
2024-02-01 23:02:00 INFO  ManageBrowser :48 - navigate to given url
2024-02-01 23:02:124 INFO  HomePage :56 - click on : [[ChromeDriver: chrome on windows (82c913fba1b03729788e2577246484c5)] -> xpath: //label[normalize-space()='Allow all cookies']]
2024-02-01 23:02:125 INFO  HomePage :60 - Click on Allow all cookies : [[ChromeDriver: chrome on windows (82c913fba1b03729788e2577246484c5)] -> xpath: //label[normalize-space()='Allow all cookies']]
2024-02-01 23:02:506 INFO  HomePage :86 - Verifying top menu Webpage : [[ChromeDriver: chrome on windows (82c913fba1b03729788e2577246484c5)] -> xpath: //h1[normalize-space()='Welcome to Virgin Games']]
2024-02-01 23:02:750 INFO  ManageBrowser :31 - launching chrome browser
2024-02-01 23:02:832 INFO  ManageBrowser :48 - navigate to given url
2024-02-01 23:02:992 INFO  HomePage :56 - click on : [[ChromeDriver: chrome on windows (47258ea65b417e64965fe8d0d41d1ea4)] -> xpath: //label[normalize-space()='Allow all cookies']]
2024-02-01 23:02:992 INFO  HomePage :60 - Click on Allow all cookies : [[ChromeDriver: chrome on windows (47258ea65b417e64965fe8d0d41d1ea4)] -> xpath: //label[normalize-space()='Allow all cookies']]
2024-02-01 23:02:371 INFO  HomePage :79 - Clicking on theSlingo : [[[ChromeDriver: chrome on windows (47258ea65b417e64965fe8d0d41d1ea4)] -> xpath: //ul[@class='StyledNavigationMenuList-sc-v46bks-1 ctndtu nav-bar']//li], [[ChromeDriver: chrome on windows (47258ea65b417e64965fe8d0d41d1ea4)] -> xpath: //ul[@class='StyledNavigationMenuList-sc-v46bks-1 ctndtu nav-bar']//li], [[ChromeDriver: chrome on windows (47258ea65b417e64965fe8d0d41d1ea4)] -> xpath: //ul[@class='StyledNavigationMenuList-sc-v46bks-1 ctndtu nav-bar']//li], [[ChromeDriver: chrome on windows (47258ea65b417e64965fe8d0d41d1ea4)] -> xpath: //ul[@class='StyledNavigationMenuList-sc-v46bks-1 ctndtu nav-bar']//li], [[ChromeDriver: chrome on windows (47258ea65b417e64965fe8d0d41d1ea4)] -> xpath: //ul[@class='StyledNavigationMenuList-sc-v46bks-1 ctndtu nav-bar']//li], [[ChromeDriver: chrome on windows (47258ea65b417e64965fe8d0d41d1ea4)] -> xpath: //ul[@class='StyledNavigationMenuList-sc-v46bks-1 ctndtu nav-bar']//li], [[ChromeDriver: chrome on windows (47258ea65b417e64965fe8d0d41d1ea4)] -> xpath: //ul[@class='StyledNavigationMenuList-sc-v46bks-1 ctndtu nav-bar']//li], [[ChromeDriver: chrome on windows (47258ea65b417e64965fe8d0d41d1ea4)] -> xpath: //ul[@class='StyledNavigationMenuList-sc-v46bks-1 ctndtu nav-bar']//li], [[ChromeDriver: chrome on windows (47258ea65b417e64965fe8d0d41d1ea4)] -> xpath: //ul[@class='StyledNavigationMenuList-sc-v46bks-1 ctndtu nav-bar']//li]]
2024-02-01 23:02:406 INFO  HomePage :86 - Verifying top menu Webpage : Proxy element for: DefaultElementLocator 'By.xpath: //h1[normalize-space()='Welcome to Virgin Games']'
2024-02-01 23:02:627 INFO  ManageBrowser :31 - launching chrome browser
2024-02-01 23:02:983 INFO  ManageBrowser :48 - navigate to given url
2024-02-01 23:02:100 INFO  HomePage :56 - click on : [[ChromeDriver: chrome on windows (2f6ebadebc7191270cb5043f3e119360)] -> xpath: //label[normalize-space()='Allow all cookies']]
2024-02-01 23:02:101 INFO  HomePage :60 - Click on Allow all cookies : [[ChromeDriver: chrome on windows (2f6ebadebc7191270cb5043f3e119360)] -> xpath: //label[normalize-space()='Allow all cookies']]
2024-02-01 23:02:541 INFO  HomePage :79 - Clicking on theOnline Bingo : [[[ChromeDriver: chrome on windows (2f6ebadebc7191270cb5043f3e119360)] -> xpath: //ul[@class='StyledNavigationMenuList-sc-v46bks-1 ctndtu nav-bar']//li], [[ChromeDriver: chrome on windows (2f6ebadebc7191270cb5043f3e119360)] -> xpath: //ul[@class='StyledNavigationMenuList-sc-v46bks-1 ctndtu nav-bar']//li], [[ChromeDriver: chrome on windows (2f6ebadebc7191270cb5043f3e119360)] -> xpath: //ul[@class='StyledNavigationMenuList-sc-v46bks-1 ctndtu nav-bar']//li], [[ChromeDriver: chrome on windows (2f6ebadebc7191270cb5043f3e119360)] -> xpath: //ul[@class='StyledNavigationMenuList-sc-v46bks-1 ctndtu nav-bar']//li], [[ChromeDriver: chrome on windows (2f6ebadebc7191270cb5043f3e119360)] -> xpath: //ul[@class='StyledNavigationMenuList-sc-v46bks-1 ctndtu nav-bar']//li], [[ChromeDriver: chrome on windows (2f6ebadebc7191270cb5043f3e119360)] -> xpath: //ul[@class='StyledNavigationMenuList-sc-v46bks-1 ctndtu nav-bar']//li], [[ChromeDriver: chrome on windows (2f6ebadebc7191270cb5043f3e119360)] -> xpath: //ul[@class='StyledNavigationMenuList-sc-v46bks-1 ctndtu nav-bar']//li], [[ChromeDriver: chrome on windows (2f6ebadebc7191270cb5043f3e119360)] -> xpath: //ul[@class='StyledNavigationMenuList-sc-v46bks-1 ctndtu nav-bar']//li], [[ChromeDriver: chrome on windows (2f6ebadebc7191270cb5043f3e119360)] -> xpath: //ul[@class='StyledNavigationMenuList-sc-v46bks-1 ctndtu nav-bar']//li]]
2024-02-01 23:02:594 INFO  HomePage :86 - Verifying top menu Webpage : Proxy element for: DefaultElementLocator 'By.xpath: //h1[normalize-space()='Welcome to Virgin Games']'
2024-02-01 23:02:955 INFO  ManageBrowser :31 - launching chrome browser
2024-02-01 23:02:699 INFO  ManageBrowser :48 - navigate to given url
2024-02-01 23:02:876 INFO  HomePage :56 - click on : [[ChromeDriver: chrome on windows (8ebf1ddd363de8640ce698c0d3cdbafb)] -> xpath: //label[normalize-space()='Allow all cookies']]
2024-02-01 23:02:877 INFO  HomePage :60 - Click on Allow all cookies : [[ChromeDriver: chrome on windows (8ebf1ddd363de8640ce698c0d3cdbafb)] -> xpath: //label[normalize-space()='Allow all cookies']]
2024-02-01 23:02:409 INFO  HomePage :79 - Clicking on theFree Games : [[[ChromeDriver: chrome on windows (8ebf1ddd363de8640ce698c0d3cdbafb)] -> xpath: //ul[@class='StyledNavigationMenuList-sc-v46bks-1 ctndtu nav-bar']//li], [[ChromeDriver: chrome on windows (8ebf1ddd363de8640ce698c0d3cdbafb)] -> xpath: //ul[@class='StyledNavigationMenuList-sc-v46bks-1 ctndtu nav-bar']//li], [[ChromeDriver: chrome on windows (8ebf1ddd363de8640ce698c0d3cdbafb)] -> xpath: //ul[@class='StyledNavigationMenuList-sc-v46bks-1 ctndtu nav-bar']//li], [[ChromeDriver: chrome on windows (8ebf1ddd363de8640ce698c0d3cdbafb)] -> xpath: //ul[@class='StyledNavigationMenuList-sc-v46bks-1 ctndtu nav-bar']//li], [[ChromeDriver: chrome on windows (8ebf1ddd363de8640ce698c0d3cdbafb)] -> xpath: //ul[@class='StyledNavigationMenuList-sc-v46bks-1 ctndtu nav-bar']//li], [[ChromeDriver: chrome on windows (8ebf1ddd363de8640ce698c0d3cdbafb)] -> xpath: //ul[@class='StyledNavigationMenuList-sc-v46bks-1 ctndtu nav-bar']//li], [[ChromeDriver: chrome on windows (8ebf1ddd363de8640ce698c0d3cdbafb)] -> xpath: //ul[@class='StyledNavigationMenuList-sc-v46bks-1 ctndtu nav-bar']//li], [[ChromeDriver: chrome on windows (8ebf1ddd363de8640ce698c0d3cdbafb)] -> xpath: //ul[@class='StyledNavigationMenuList-sc-v46bks-1 ctndtu nav-bar']//li], [[ChromeDriver: chrome on windows (8ebf1ddd363de8640ce698c0d3cdbafb)] -> xpath: //ul[@class='StyledNavigationMenuList-sc-v46bks-1 ctndtu nav-bar']//li]]
2024-02-01 23:02:471 INFO  HomePage :86 - Verifying top menu Webpage : Proxy element for: DefaultElementLocator 'By.xpath: //h1[normalize-space()='Welcome to Virgin Games']'
2024-02-01 23:02:690 INFO  ManageBrowser :31 - launching chrome browser
2024-02-01 23:02:451 INFO  ManageBrowser :48 - navigate to given url
2024-02-01 23:02:583 INFO  HomePage :56 - click on : [[ChromeDriver: chrome on windows (26e96c3e0b51245f0d2731e0674d2327)] -> xpath: //label[normalize-space()='Allow all cookies']]
2024-02-01 23:02:583 INFO  HomePage :60 - Click on Allow all cookies : [[ChromeDriver: chrome on windows (26e96c3e0b51245f0d2731e0674d2327)] -> xpath: //label[normalize-space()='Allow all cookies']]
2024-02-01 23:02:60 INFO  HomePage :79 - Clicking on thePoker : [[[ChromeDriver: chrome on windows (26e96c3e0b51245f0d2731e0674d2327)] -> xpath: //ul[@class='StyledNavigationMenuList-sc-v46bks-1 ctndtu nav-bar']//li], [[ChromeDriver: chrome on windows (26e96c3e0b51245f0d2731e0674d2327)] -> xpath: //ul[@class='StyledNavigationMenuList-sc-v46bks-1 ctndtu nav-bar']//li], [[ChromeDriver: chrome on windows (26e96c3e0b51245f0d2731e0674d2327)] -> xpath: //ul[@class='StyledNavigationMenuList-sc-v46bks-1 ctndtu nav-bar']//li], [[ChromeDriver: chrome on windows (26e96c3e0b51245f0d2731e0674d2327)] -> xpath: //ul[@class='StyledNavigationMenuList-sc-v46bks-1 ctndtu nav-bar']//li], [[ChromeDriver: chrome on windows (26e96c3e0b51245f0d2731e0674d2327)] -> xpath: //ul[@class='StyledNavigationMenuList-sc-v46bks-1 ctndtu nav-bar']//li], [[ChromeDriver: chrome on windows (26e96c3e0b51245f0d2731e0674d2327)] -> xpath: //ul[@class='StyledNavigationMenuList-sc-v46bks-1 ctndtu nav-bar']//li], [[ChromeDriver: chrome on windows (26e96c3e0b51245f0d2731e0674d2327)] -> xpath: //ul[@class='StyledNavigationMenuList-sc-v46bks-1 ctndtu nav-bar']//li], [[ChromeDriver: chrome on windows (26e96c3e0b51245f0d2731e0674d2327)] -> xpath: //ul[@class='StyledNavigationMenuList-sc-v46bks-1 ctndtu nav-bar']//li], [[ChromeDriver: chrome on windows (26e96c3e0b51245f0d2731e0674d2327)] -> xpath: //ul[@class='StyledNavigationMenuList-sc-v46bks-1 ctndtu nav-bar']//li]]
2024-02-01 23:02:145 INFO  HomePage :86 - Verifying top menu Webpage : Proxy element for: DefaultElementLocator 'By.xpath: //h1[normalize-space()='Welcome to Virgin Games']'
2024-02-01 23:02:444 INFO  ManageBrowser :31 - launching chrome browser
2024-02-01 23:02:717 INFO  ManageBrowser :48 - navigate to given url
2024-02-01 23:02:840 INFO  HomePage :56 - click on : [[ChromeDriver: chrome on windows (a1e8d398ba2feaa1737b9f9028afab07)] -> xpath: //label[normalize-space()='Allow all cookies']]
2024-02-01 23:02:841 INFO  HomePage :60 - Click on Allow all cookies : [[ChromeDriver: chrome on windows (a1e8d398ba2feaa1737b9f9028afab07)] -> xpath: //label[normalize-space()='Allow all cookies']]
2024-02-01 23:02:323 INFO  HomePage :79 - Clicking on theAll Games : [[[ChromeDriver: chrome on windows (a1e8d398ba2feaa1737b9f9028afab07)] -> xpath: //ul[@class='StyledNavigationMenuList-sc-v46bks-1 ctndtu nav-bar']//li], [[ChromeDriver: chrome on windows (a1e8d398ba2feaa1737b9f9028afab07)] -> xpath: //ul[@class='StyledNavigationMenuList-sc-v46bks-1 ctndtu nav-bar']//li], [[ChromeDriver: chrome on windows (a1e8d398ba2feaa1737b9f9028afab07)] -> xpath: //ul[@class='StyledNavigationMenuList-sc-v46bks-1 ctndtu nav-bar']//li], [[ChromeDriver: chrome on windows (a1e8d398ba2feaa1737b9f9028afab07)] -> xpath: //ul[@class='StyledNavigationMenuList-sc-v46bks-1 ctndtu nav-bar']//li], [[ChromeDriver: chrome on windows (a1e8d398ba2feaa1737b9f9028afab07)] -> xpath: //ul[@class='StyledNavigationMenuList-sc-v46bks-1 ctndtu nav-bar']//li], [[ChromeDriver: chrome on windows (a1e8d398ba2feaa1737b9f9028afab07)] -> xpath: //ul[@class='StyledNavigationMenuList-sc-v46bks-1 ctndtu nav-bar']//li], [[ChromeDriver: chrome on windows (a1e8d398ba2feaa1737b9f9028afab07)] -> xpath: //ul[@class='StyledNavigationMenuList-sc-v46bks-1 ctndtu nav-bar']//li], [[ChromeDriver: chrome on windows (a1e8d398ba2feaa1737b9f9028afab07)] -> xpath: //ul[@class='StyledNavigationMenuList-sc-v46bks-1 ctndtu nav-bar']//li], [[ChromeDriver: chrome on windows (a1e8d398ba2feaa1737b9f9028afab07)] -> xpath: //ul[@class='StyledNavigationMenuList-sc-v46bks-1 ctndtu nav-bar']//li]]
2024-02-01 23:02:359 INFO  HomePage :86 - Verifying top menu Webpage : Proxy element for: DefaultElementLocator 'By.xpath: //h1[normalize-space()='Welcome to Virgin Games']'
2024-02-01 23:02:655 INFO  ManageBrowser :31 - launching chrome browser
2024-02-01 23:02:996 INFO  ManageBrowser :48 - navigate to given url
2024-02-01 23:02:106 INFO  HomePage :56 - click on : [[ChromeDriver: chrome on windows (ebb65b9256abebe50eba52ea31b7f7ba)] -> xpath: //label[normalize-space()='Allow all cookies']]
2024-02-01 23:02:107 INFO  HomePage :60 - Click on Allow all cookies : [[ChromeDriver: chrome on windows (ebb65b9256abebe50eba52ea31b7f7ba)] -> xpath: //label[normalize-space()='Allow all cookies']]
2024-02-01 23:02:454 INFO  HomePage :79 - Clicking on theBlog : [[[ChromeDriver: chrome on windows (ebb65b9256abebe50eba52ea31b7f7ba)] -> xpath: //ul[@class='StyledNavigationMenuList-sc-v46bks-1 ctndtu nav-bar']//li], [[ChromeDriver: chrome on windows (ebb65b9256abebe50eba52ea31b7f7ba)] -> xpath: //ul[@class='StyledNavigationMenuList-sc-v46bks-1 ctndtu nav-bar']//li], [[ChromeDriver: chrome on windows (ebb65b9256abebe50eba52ea31b7f7ba)] -> xpath: //ul[@class='StyledNavigationMenuList-sc-v46bks-1 ctndtu nav-bar']//li], [[ChromeDriver: chrome on windows (ebb65b9256abebe50eba52ea31b7f7ba)] -> xpath: //ul[@class='StyledNavigationMenuList-sc-v46bks-1 ctndtu nav-bar']//li], [[ChromeDriver: chrome on windows (ebb65b9256abebe50eba52ea31b7f7ba)] -> xpath: //ul[@class='StyledNavigationMenuList-sc-v46bks-1 ctndtu nav-bar']//li], [[ChromeDriver: chrome on windows (ebb65b9256abebe50eba52ea31b7f7ba)] -> xpath: //ul[@class='StyledNavigationMenuList-sc-v46bks-1 ctndtu nav-bar']//li], [[ChromeDriver: chrome on windows (ebb65b9256abebe50eba52ea31b7f7ba)] -> xpath: //ul[@class='StyledNavigationMenuList-sc-v46bks-1 ctndtu nav-bar']//li], [[ChromeDriver: chrome on windows (ebb65b9256abebe50eba52ea31b7f7ba)] -> xpath: //ul[@class='StyledNavigationMenuList-sc-v46bks-1 ctndtu nav-bar']//li], [[ChromeDriver: chrome on windows (ebb65b9256abebe50eba52ea31b7f7ba)] -> xpath: //ul[@class='StyledNavigationMenuList-sc-v46bks-1 ctndtu nav-bar']//li]]
2024-02-01 23:02:510 INFO  HomePage :86 - Verifying top menu Webpage : Proxy element for: DefaultElementLocator 'By.xpath: //h1[normalize-space()='Welcome to Virgin Games']'
2024-02-01 23:02:72 INFO  ManageBrowser :31 - launching chrome browser
2024-02-01 23:02:606 INFO  ManageBrowser :48 - navigate to given url
2024-02-01 23:02:758 INFO  HomePage :61 - click on : [[ChromeDriver: chrome on windows (fedeef19c8ebd8ec11172e5af72ec81f)] -> xpath: //label[normalize-space()='Allow all cookies']]
2024-02-01 23:02:759 INFO  HomePage :65 - Click on Allow all cookies : [[ChromeDriver: chrome on windows (fedeef19c8ebd8ec11172e5af72ec81f)] -> xpath: //label[normalize-space()='Allow all cookies']]
2024-02-01 23:02:235 INFO  HomePage :101 - scroll To Play Responsibly
2024-02-01 23:02:270 INFO  HomePage :108 - click on : [[ChromeDriver: chrome on windows (fedeef19c8ebd8ec11172e5af72ec81f)] -> xpath: //a[normalize-space()='Modern Slavery Statement']]
2024-02-01 23:02:270 INFO  HomePage :112 - Click on Allow all cookies : [[ChromeDriver: chrome on windows (fedeef19c8ebd8ec11172e5af72ec81f)] -> xpath: //a[normalize-space()='Modern Slavery Statement']]
2024-02-01 23:02:285 INFO  HomePage :116 - Verifying top menu Webpage : [[ChromeDriver: chrome on windows (fedeef19c8ebd8ec11172e5af72ec81f)] -> class name: jss32]
2024-02-02 00:02:650 INFO  ManageBrowser :31 - launching chrome browser
2024-02-02 00:02:915 INFO  ManageBrowser :48 - navigate to given url
2024-02-02 00:02:66 INFO  HomePage :55 - click on : [[ChromeDriver: chrome on windows (f1de02744e15b194e4704e49b4fb8be6)] -> xpath: //label[normalize-space()='Allow all cookies']]
2024-02-02 00:02:67 INFO  HomePage :59 - Click on Allow all cookies : [[ChromeDriver: chrome on windows (f1de02744e15b194e4704e49b4fb8be6)] -> xpath: //label[normalize-space()='Allow all cookies']]
2024-02-02 00:02:569 INFO  HomePage :93 - scroll To Play Responsibly
2024-02-02 00:02:205 INFO  HomePage :100 - click on : [[ChromeDriver: chrome on windows (f1de02744e15b194e4704e49b4fb8be6)] -> xpath: //a[normalize-space()='Modern Slavery Statement']]
2024-02-02 00:02:205 INFO  HomePage :104 - Click on Allow all cookies : [[ChromeDriver: chrome on windows (f1de02744e15b194e4704e49b4fb8be6)] -> xpath: //a[normalize-space()='Modern Slavery Statement']]
2024-02-02 00:02:222 INFO  HomePage :108 - Verifying top menu Webpage : [[ChromeDriver: chrome on windows (f1de02744e15b194e4704e49b4fb8be6)] -> class name: jss32]
2024-02-02 00:02:247 INFO  HomePage :113 - Verifying the page  : https://www.virgingames.com/modern-slavery-policy
2024-02-02 00:02:275 INFO  ManageBrowser :31 - launching chrome browser
2024-02-02 00:02:608 INFO  ManageBrowser :48 - navigate to given url
2024-02-02 00:02:817 INFO  HomePage :55 - click on : [[ChromeDriver: chrome on windows (65ba4e0c471d437ebcfeb319396c19b2)] -> xpath: //label[normalize-space()='Allow all cookies']]
2024-02-02 00:02:818 INFO  HomePage :59 - Click on Allow all cookies : [[ChromeDriver: chrome on windows (65ba4e0c471d437ebcfeb319396c19b2)] -> xpath: //label[normalize-space()='Allow all cookies']]
2024-02-02 00:02:954 INFO  HomePage :63 - verifying HomePage URL : https://www.virgingames.com/
2024-02-02 00:02:06 INFO  HomePage :69 - Get text from : [[ChromeDriver: chrome on windows (65ba4e0c471d437ebcfeb319396c19b2)] -> xpath: //h1[normalize-space()='Welcome to Virgin Games']]
2024-02-02 00:02:381 INFO  ManageBrowser :31 - launching chrome browser
2024-02-02 00:02:978 INFO  ManageBrowser :48 - navigate to given url
2024-02-02 00:02:83 INFO  HomePage :55 - click on : [[ChromeDriver: chrome on windows (4a438d5c998212f719ade01eff486556)] -> xpath: //label[normalize-space()='Allow all cookies']]
2024-02-02 00:02:83 INFO  HomePage :59 - Click on Allow all cookies : [[ChromeDriver: chrome on windows (4a438d5c998212f719ade01eff486556)] -> xpath: //label[normalize-space()='Allow all cookies']]
2024-02-02 00:02:477 INFO  HomePage :84 - Verifying top menu Webpage : [[ChromeDriver: chrome on windows (4a438d5c998212f719ade01eff486556)] -> xpath: //h1[normalize-space()='Welcome to Virgin Games']]
2024-02-02 00:02:716 INFO  ManageBrowser :31 - launching chrome browser
2024-02-02 00:02:942 INFO  ManageBrowser :48 - navigate to given url
2024-02-02 00:02:42 INFO  HomePage :55 - click on : [[ChromeDriver: chrome on windows (a411be00f58d66fd42a0979912450f18)] -> xpath: //label[normalize-space()='Allow all cookies']]
2024-02-02 00:02:43 INFO  HomePage :59 - Click on Allow all cookies : [[ChromeDriver: chrome on windows (a411be00f58d66fd42a0979912450f18)] -> xpath: //label[normalize-space()='Allow all cookies']]
2024-02-02 00:02:215 INFO  HomePage :77 - Clicking on theLive Casino : [[[ChromeDriver: chrome on windows (a411be00f58d66fd42a0979912450f18)] -> xpath: //ul[@class='StyledNavigationMenuList-sc-v46bks-1 ctndtu nav-bar']//li], [[ChromeDriver: chrome on windows (a411be00f58d66fd42a0979912450f18)] -> xpath: //ul[@class='StyledNavigationMenuList-sc-v46bks-1 ctndtu nav-bar']//li], [[ChromeDriver: chrome on windows (a411be00f58d66fd42a0979912450f18)] -> xpath: //ul[@class='StyledNavigationMenuList-sc-v46bks-1 ctndtu nav-bar']//li], [[ChromeDriver: chrome on windows (a411be00f58d66fd42a0979912450f18)] -> xpath: //ul[@class='StyledNavigationMenuList-sc-v46bks-1 ctndtu nav-bar']//li], [[ChromeDriver: chrome on windows (a411be00f58d66fd42a0979912450f18)] -> xpath: //ul[@class='StyledNavigationMenuList-sc-v46bks-1 ctndtu nav-bar']//li], [[ChromeDriver: chrome on windows (a411be00f58d66fd42a0979912450f18)] -> xpath: //ul[@class='StyledNavigationMenuList-sc-v46bks-1 ctndtu nav-bar']//li], [[ChromeDriver: chrome on windows (a411be00f58d66fd42a0979912450f18)] -> xpath: //ul[@class='StyledNavigationMenuList-sc-v46bks-1 ctndtu nav-bar']//li], [[ChromeDriver: chrome on windows (a411be00f58d66fd42a0979912450f18)] -> xpath: //ul[@class='StyledNavigationMenuList-sc-v46bks-1 ctndtu nav-bar']//li], [[ChromeDriver: chrome on windows (a411be00f58d66fd42a0979912450f18)] -> xpath: //ul[@class='StyledNavigationMenuList-sc-v46bks-1 ctndtu nav-bar']//li]]
2024-02-02 00:02:294 INFO  HomePage :84 - Verifying top menu Webpage : Proxy element for: DefaultElementLocator 'By.xpath: //h1[normalize-space()='Welcome to Virgin Games']'
2024-02-02 00:02:554 INFO  ManageBrowser :31 - launching chrome browser
2024-02-02 00:02:852 INFO  ManageBrowser :48 - navigate to given url
2024-02-02 00:02:950 INFO  HomePage :55 - click on : [[ChromeDriver: chrome on windows (66060cdf9973a21df8eb25d8f3292c78)] -> xpath: //label[normalize-space()='Allow all cookies']]
2024-02-02 00:02:950 INFO  HomePage :59 - Click on Allow all cookies : [[ChromeDriver: chrome on windows (66060cdf9973a21df8eb25d8f3292c78)] -> xpath: //label[normalize-space()='Allow all cookies']]
2024-02-02 00:02:181 INFO  HomePage :84 - Verifying top menu Webpage : [[ChromeDriver: chrome on windows (66060cdf9973a21df8eb25d8f3292c78)] -> xpath: //h1[normalize-space()='Welcome to Virgin Games']]
2024-02-02 00:02:338 INFO  ManageBrowser :31 - launching chrome browser
2024-02-02 00:02:718 INFO  ManageBrowser :48 - navigate to given url
2024-02-02 00:02:829 INFO  HomePage :55 - click on : [[ChromeDriver: chrome on windows (57d30ea7d2083571c938fef635977a73)] -> xpath: //label[normalize-space()='Allow all cookies']]
2024-02-02 00:02:829 INFO  HomePage :59 - Click on Allow all cookies : [[ChromeDriver: chrome on windows (57d30ea7d2083571c938fef635977a73)] -> xpath: //label[normalize-space()='Allow all cookies']]
2024-02-02 00:02:03 INFO  HomePage :77 - Clicking on theSlingo : [[[ChromeDriver: chrome on windows (57d30ea7d2083571c938fef635977a73)] -> xpath: //ul[@class='StyledNavigationMenuList-sc-v46bks-1 ctndtu nav-bar']//li], [[ChromeDriver: chrome on windows (57d30ea7d2083571c938fef635977a73)] -> xpath: //ul[@class='StyledNavigationMenuList-sc-v46bks-1 ctndtu nav-bar']//li], [[ChromeDriver: chrome on windows (57d30ea7d2083571c938fef635977a73)] -> xpath: //ul[@class='StyledNavigationMenuList-sc-v46bks-1 ctndtu nav-bar']//li], [[ChromeDriver: chrome on windows (57d30ea7d2083571c938fef635977a73)] -> xpath: //ul[@class='StyledNavigationMenuList-sc-v46bks-1 ctndtu nav-bar']//li], [[ChromeDriver: chrome on windows (57d30ea7d2083571c938fef635977a73)] -> xpath: //ul[@class='StyledNavigationMenuList-sc-v46bks-1 ctndtu nav-bar']//li], [[ChromeDriver: chrome on windows (57d30ea7d2083571c938fef635977a73)] -> xpath: //ul[@class='StyledNavigationMenuList-sc-v46bks-1 ctndtu nav-bar']//li], [[ChromeDriver: chrome on windows (57d30ea7d2083571c938fef635977a73)] -> xpath: //ul[@class='StyledNavigationMenuList-sc-v46bks-1 ctndtu nav-bar']//li], [[ChromeDriver: chrome on windows (57d30ea7d2083571c938fef635977a73)] -> xpath: //ul[@class='StyledNavigationMenuList-sc-v46bks-1 ctndtu nav-bar']//li], [[ChromeDriver: chrome on windows (57d30ea7d2083571c938fef635977a73)] -> xpath: //ul[@class='StyledNavigationMenuList-sc-v46bks-1 ctndtu nav-bar']//li]]
2024-02-02 00:02:143 INFO  HomePage :84 - Verifying top menu Webpage : Proxy element for: DefaultElementLocator 'By.xpath: //h1[normalize-space()='Welcome to Virgin Games']'
2024-02-02 00:02:384 INFO  ManageBrowser :31 - launching chrome browser
2024-02-02 00:02:497 INFO  ManageBrowser :48 - navigate to given url
2024-02-02 00:02:590 INFO  HomePage :55 - click on : [[ChromeDriver: chrome on windows (9291a284697a239c190cfb3fad0404e0)] -> xpath: //label[normalize-space()='Allow all cookies']]
2024-02-02 00:02:591 INFO  HomePage :59 - Click on Allow all cookies : [[ChromeDriver: chrome on windows (9291a284697a239c190cfb3fad0404e0)] -> xpath: //label[normalize-space()='Allow all cookies']]
2024-02-02 00:02:840 INFO  HomePage :77 - Clicking on theOnline Bingo : [[[ChromeDriver: chrome on windows (9291a284697a239c190cfb3fad0404e0)] -> xpath: //ul[@class='StyledNavigationMenuList-sc-v46bks-1 ctndtu nav-bar']//li], [[ChromeDriver: chrome on windows (9291a284697a239c190cfb3fad0404e0)] -> xpath: //ul[@class='StyledNavigationMenuList-sc-v46bks-1 ctndtu nav-bar']//li], [[ChromeDriver: chrome on windows (9291a284697a239c190cfb3fad0404e0)] -> xpath: //ul[@class='StyledNavigationMenuList-sc-v46bks-1 ctndtu nav-bar']//li], [[ChromeDriver: chrome on windows (9291a284697a239c190cfb3fad0404e0)] -> xpath: //ul[@class='StyledNavigationMenuList-sc-v46bks-1 ctndtu nav-bar']//li], [[ChromeDriver: chrome on windows (9291a284697a239c190cfb3fad0404e0)] -> xpath: //ul[@class='StyledNavigationMenuList-sc-v46bks-1 ctndtu nav-bar']//li], [[ChromeDriver: chrome on windows (9291a284697a239c190cfb3fad0404e0)] -> xpath: //ul[@class='StyledNavigationMenuList-sc-v46bks-1 ctndtu nav-bar']//li], [[ChromeDriver: chrome on windows (9291a284697a239c190cfb3fad0404e0)] -> xpath: //ul[@class='StyledNavigationMenuList-sc-v46bks-1 ctndtu nav-bar']//li], [[ChromeDriver: chrome on windows (9291a284697a239c190cfb3fad0404e0)] -> xpath: //ul[@class='StyledNavigationMenuList-sc-v46bks-1 ctndtu nav-bar']//li], [[ChromeDriver: chrome on windows (9291a284697a239c190cfb3fad0404e0)] -> xpath: //ul[@class='StyledNavigationMenuList-sc-v46bks-1 ctndtu nav-bar']//li]]
2024-02-02 00:02:871 INFO  HomePage :84 - Verifying top menu Webpage : Proxy element for: DefaultElementLocator 'By.xpath: //h1[normalize-space()='Welcome to Virgin Games']'
2024-02-02 00:02:99 INFO  ManageBrowser :31 - launching chrome browser
2024-02-02 00:02:289 INFO  ManageBrowser :48 - navigate to given url
2024-02-02 00:02:399 INFO  HomePage :55 - click on : [[ChromeDriver: chrome on windows (f9948157f18ad934929ed6c3879ab0ec)] -> xpath: //label[normalize-space()='Allow all cookies']]
2024-02-02 00:02:399 INFO  HomePage :59 - Click on Allow all cookies : [[ChromeDriver: chrome on windows (f9948157f18ad934929ed6c3879ab0ec)] -> xpath: //label[normalize-space()='Allow all cookies']]
2024-02-02 00:02:683 INFO  HomePage :77 - Clicking on theFree Games : [[[ChromeDriver: chrome on windows (f9948157f18ad934929ed6c3879ab0ec)] -> xpath: //ul[@class='StyledNavigationMenuList-sc-v46bks-1 ctndtu nav-bar']//li], [[ChromeDriver: chrome on windows (f9948157f18ad934929ed6c3879ab0ec)] -> xpath: //ul[@class='StyledNavigationMenuList-sc-v46bks-1 ctndtu nav-bar']//li], [[ChromeDriver: chrome on windows (f9948157f18ad934929ed6c3879ab0ec)] -> xpath: //ul[@class='StyledNavigationMenuList-sc-v46bks-1 ctndtu nav-bar']//li], [[ChromeDriver: chrome on windows (f9948157f18ad934929ed6c3879ab0ec)] -> xpath: //ul[@class='StyledNavigationMenuList-sc-v46bks-1 ctndtu nav-bar']//li], [[ChromeDriver: chrome on windows (f9948157f18ad934929ed6c3879ab0ec)] -> xpath: //ul[@class='StyledNavigationMenuList-sc-v46bks-1 ctndtu nav-bar']//li], [[ChromeDriver: chrome on windows (f9948157f18ad934929ed6c3879ab0ec)] -> xpath: //ul[@class='StyledNavigationMenuList-sc-v46bks-1 ctndtu nav-bar']//li], [[ChromeDriver: chrome on windows (f9948157f18ad934929ed6c3879ab0ec)] -> xpath: //ul[@class='StyledNavigationMenuList-sc-v46bks-1 ctndtu nav-bar']//li], [[ChromeDriver: chrome on windows (f9948157f18ad934929ed6c3879ab0ec)] -> xpath: //ul[@class='StyledNavigationMenuList-sc-v46bks-1 ctndtu nav-bar']//li], [[ChromeDriver: chrome on windows (f9948157f18ad934929ed6c3879ab0ec)] -> xpath: //ul[@class='StyledNavigationMenuList-sc-v46bks-1 ctndtu nav-bar']//li]]
2024-02-02 00:02:765 INFO  HomePage :84 - Verifying top menu Webpage : Proxy element for: DefaultElementLocator 'By.xpath: //h1[normalize-space()='Welcome to Virgin Games']'
2024-02-02 00:02:10 INFO  ManageBrowser :31 - launching chrome browser
2024-02-02 00:02:183 INFO  ManageBrowser :48 - navigate to given url
2024-02-02 00:02:270 INFO  HomePage :55 - click on : [[ChromeDriver: chrome on windows (7597b0934df07a10259444978e8d9785)] -> xpath: //label[normalize-space()='Allow all cookies']]
2024-02-02 00:02:271 INFO  HomePage :59 - Click on Allow all cookies : [[ChromeDriver: chrome on windows (7597b0934df07a10259444978e8d9785)] -> xpath: //label[normalize-space()='Allow all cookies']]
2024-02-02 00:02:548 INFO  HomePage :77 - Clicking on thePoker : [[[ChromeDriver: chrome on windows (7597b0934df07a10259444978e8d9785)] -> xpath: //ul[@class='StyledNavigationMenuList-sc-v46bks-1 ctndtu nav-bar']//li], [[ChromeDriver: chrome on windows (7597b0934df07a10259444978e8d9785)] -> xpath: //ul[@class='StyledNavigationMenuList-sc-v46bks-1 ctndtu nav-bar']//li], [[ChromeDriver: chrome on windows (7597b0934df07a10259444978e8d9785)] -> xpath: //ul[@class='StyledNavigationMenuList-sc-v46bks-1 ctndtu nav-bar']//li], [[ChromeDriver: chrome on windows (7597b0934df07a10259444978e8d9785)] -> xpath: //ul[@class='StyledNavigationMenuList-sc-v46bks-1 ctndtu nav-bar']//li], [[ChromeDriver: chrome on windows (7597b0934df07a10259444978e8d9785)] -> xpath: //ul[@class='StyledNavigationMenuList-sc-v46bks-1 ctndtu nav-bar']//li], [[ChromeDriver: chrome on windows (7597b0934df07a10259444978e8d9785)] -> xpath: //ul[@class='StyledNavigationMenuList-sc-v46bks-1 ctndtu nav-bar']//li], [[ChromeDriver: chrome on windows (7597b0934df07a10259444978e8d9785)] -> xpath: //ul[@class='StyledNavigationMenuList-sc-v46bks-1 ctndtu nav-bar']//li], [[ChromeDriver: chrome on windows (7597b0934df07a10259444978e8d9785)] -> xpath: //ul[@class='StyledNavigationMenuList-sc-v46bks-1 ctndtu nav-bar']//li], [[ChromeDriver: chrome on windows (7597b0934df07a10259444978e8d9785)] -> xpath: //ul[@class='StyledNavigationMenuList-sc-v46bks-1 ctndtu nav-bar']//li]]
2024-02-02 00:02:623 INFO  HomePage :84 - Verifying top menu Webpage : Proxy element for: DefaultElementLocator 'By.xpath: //h1[normalize-space()='Welcome to Virgin Games']'
2024-02-02 00:02:870 INFO  ManageBrowser :31 - launching chrome browser
2024-02-02 00:02:66 INFO  ManageBrowser :48 - navigate to given url
2024-02-02 00:02:151 INFO  HomePage :55 - click on : [[ChromeDriver: chrome on windows (5020ea4a0c453481cb095a28bbd1fdb0)] -> xpath: //label[normalize-space()='Allow all cookies']]
2024-02-02 00:02:152 INFO  HomePage :59 - Click on Allow all cookies : [[ChromeDriver: chrome on windows (5020ea4a0c453481cb095a28bbd1fdb0)] -> xpath: //label[normalize-space()='Allow all cookies']]
2024-02-02 00:02:445 INFO  HomePage :77 - Clicking on theAll Games : [[[ChromeDriver: chrome on windows (5020ea4a0c453481cb095a28bbd1fdb0)] -> xpath: //ul[@class='StyledNavigationMenuList-sc-v46bks-1 ctndtu nav-bar']//li], [[ChromeDriver: chrome on windows (5020ea4a0c453481cb095a28bbd1fdb0)] -> xpath: //ul[@class='StyledNavigationMenuList-sc-v46bks-1 ctndtu nav-bar']//li], [[ChromeDriver: chrome on windows (5020ea4a0c453481cb095a28bbd1fdb0)] -> xpath: //ul[@class='StyledNavigationMenuList-sc-v46bks-1 ctndtu nav-bar']//li], [[ChromeDriver: chrome on windows (5020ea4a0c453481cb095a28bbd1fdb0)] -> xpath: //ul[@class='StyledNavigationMenuList-sc-v46bks-1 ctndtu nav-bar']//li], [[ChromeDriver: chrome on windows (5020ea4a0c453481cb095a28bbd1fdb0)] -> xpath: //ul[@class='StyledNavigationMenuList-sc-v46bks-1 ctndtu nav-bar']//li], [[ChromeDriver: chrome on windows (5020ea4a0c453481cb095a28bbd1fdb0)] -> xpath: //ul[@class='StyledNavigationMenuList-sc-v46bks-1 ctndtu nav-bar']//li], [[ChromeDriver: chrome on windows (5020ea4a0c453481cb095a28bbd1fdb0)] -> xpath: //ul[@class='StyledNavigationMenuList-sc-v46bks-1 ctndtu nav-bar']//li], [[ChromeDriver: chrome on windows (5020ea4a0c453481cb095a28bbd1fdb0)] -> xpath: //ul[@class='StyledNavigationMenuList-sc-v46bks-1 ctndtu nav-bar']//li], [[ChromeDriver: chrome on windows (5020ea4a0c453481cb095a28bbd1fdb0)] -> xpath: //ul[@class='StyledNavigationMenuList-sc-v46bks-1 ctndtu nav-bar']//li]]
2024-02-02 00:02:499 INFO  HomePage :84 - Verifying top menu Webpage : Proxy element for: DefaultElementLocator 'By.xpath: //h1[normalize-space()='Welcome to Virgin Games']'
2024-02-02 00:02:717 INFO  ManageBrowser :31 - launching chrome browser
2024-02-02 00:02:855 INFO  ManageBrowser :48 - navigate to given url
2024-02-02 00:02:965 INFO  HomePage :55 - click on : [[ChromeDriver: chrome on windows (aedb5c837a9d4b232ffeed1291de8f3b)] -> xpath: //label[normalize-space()='Allow all cookies']]
2024-02-02 00:02:966 INFO  HomePage :59 - Click on Allow all cookies : [[ChromeDriver: chrome on windows (aedb5c837a9d4b232ffeed1291de8f3b)] -> xpath: //label[normalize-space()='Allow all cookies']]
2024-02-02 00:02:268 INFO  HomePage :77 - Clicking on theBlog : [[[ChromeDriver: chrome on windows (aedb5c837a9d4b232ffeed1291de8f3b)] -> xpath: //ul[@class='StyledNavigationMenuList-sc-v46bks-1 ctndtu nav-bar']//li], [[ChromeDriver: chrome on windows (aedb5c837a9d4b232ffeed1291de8f3b)] -> xpath: //ul[@class='StyledNavigationMenuList-sc-v46bks-1 ctndtu nav-bar']//li], [[ChromeDriver: chrome on windows (aedb5c837a9d4b232ffeed1291de8f3b)] -> xpath: //ul[@class='StyledNavigationMenuList-sc-v46bks-1 ctndtu nav-bar']//li], [[ChromeDriver: chrome on windows (aedb5c837a9d4b232ffeed1291de8f3b)] -> xpath: //ul[@class='StyledNavigationMenuList-sc-v46bks-1 ctndtu nav-bar']//li], [[ChromeDriver: chrome on windows (aedb5c837a9d4b232ffeed1291de8f3b)] -> xpath: //ul[@class='StyledNavigationMenuList-sc-v46bks-1 ctndtu nav-bar']//li], [[ChromeDriver: chrome on windows (aedb5c837a9d4b232ffeed1291de8f3b)] -> xpath: //ul[@class='StyledNavigationMenuList-sc-v46bks-1 ctndtu nav-bar']//li], [[ChromeDriver: chrome on windows (aedb5c837a9d4b232ffeed1291de8f3b)] -> xpath: //ul[@class='StyledNavigationMenuList-sc-v46bks-1 ctndtu nav-bar']//li], [[ChromeDriver: chrome on windows (aedb5c837a9d4b232ffeed1291de8f3b)] -> xpath: //ul[@class='StyledNavigationMenuList-sc-v46bks-1 ctndtu nav-bar']//li], [[ChromeDriver: chrome on windows (aedb5c837a9d4b232ffeed1291de8f3b)] -> xpath: //ul[@class='StyledNavigationMenuList-sc-v46bks-1 ctndtu nav-bar']//li]]
2024-02-02 00:02:340 INFO  HomePage :84 - Verifying top menu Webpage : Proxy element for: DefaultElementLocator 'By.xpath: //h1[normalize-space()='Welcome to Virgin Games']'
2024-02-02 00:02:571 INFO  ManageBrowser :31 - launching chrome browser
2024-02-02 00:02:705 INFO  ManageBrowser :48 - navigate to given url
2024-02-02 00:02:792 INFO  HomePage :55 - click on : [[ChromeDriver: chrome on windows (2ae301c39740597d1f0a28df5b098fd6)] -> xpath: //label[normalize-space()='Allow all cookies']]
2024-02-02 00:02:792 INFO  HomePage :59 - Click on Allow all cookies : [[ChromeDriver: chrome on windows (2ae301c39740597d1f0a28df5b098fd6)] -> xpath: //label[normalize-space()='Allow all cookies']]
2024-02-02 00:02:120 INFO  HomePage :93 - scroll To Play Responsibly
2024-02-02 00:02:167 INFO  HomePage :100 - click on : [[ChromeDriver: chrome on windows (2ae301c39740597d1f0a28df5b098fd6)] -> xpath: //a[normalize-space()='Modern Slavery Statement']]
2024-02-02 00:02:167 INFO  HomePage :104 - Click on Allow all cookies : [[ChromeDriver: chrome on windows (2ae301c39740597d1f0a28df5b098fd6)] -> xpath: //a[normalize-space()='Modern Slavery Statement']]
2024-02-02 00:02:181 INFO  HomePage :108 - Verifying top menu Webpage : [[ChromeDriver: chrome on windows (2ae301c39740597d1f0a28df5b098fd6)] -> class name: jss32]
2024-02-02 00:02:200 INFO  HomePage :113 - Verifying the page  : https://www.virgingames.com/modern-slavery-policy
